[0.873s] DEBUG:colcon:Command line arguments: ['/usr/bin/colcon', 'build']
[0.873s] DEBUG:colcon:Parsed command line arguments: Namespace(log_base=None, log_level=None, verb_name='build', build_base='build', install_base='install', merge_install=False, symlink_install=False, test_result_base=None, continue_on_error=False, executor='parallel', parallel_workers=24, event_handlers=None, ignore_user_meta=False, metas=['./colcon.meta'], base_paths=['.'], packages_ignore=None, packages_ignore_regex=None, paths=None, packages_up_to=None, packages_up_to_regex=None, packages_above=None, packages_above_and_dependencies=None, packages_above_depth=None, packages_select_by_dep=None, packages_skip_by_dep=None, packages_skip_up_to=None, packages_select_build_failed=False, packages_skip_build_finished=False, packages_select_test_failures=False, packages_skip_test_passed=False, packages_select=None, packages_skip=None, packages_select_regex=None, packages_skip_regex=None, packages_start=None, packages_end=None, allow_overriding=[], cmake_args=None, cmake_target=None, cmake_target_skip_unavailable=False, cmake_clean_cache=False, cmake_clean_first=False, cmake_force_configure=False, ament_cmake_args=None, catkin_cmake_args=None, catkin_skip_building_tests=False, mixin_files=None, mixin=None, verb_parser=<colcon_mixin.mixin.mixin_argument.MixinArgumentDecorator object at 0x7f738af99e40>, verb_extension=<colcon_core.verb.build.BuildVerb object at 0x7f738afb8ac0>, main=<bound method BuildVerb.main of <colcon_core.verb.build.BuildVerb object at 0x7f738afb8ac0>>, mixin_verb=('build',))
[0.942s] Level 1:colcon.colcon_core.package_discovery:discover_packages(colcon_meta) check parameters
[0.942s] Level 1:colcon.colcon_core.package_discovery:discover_packages(recursive) check parameters
[0.942s] Level 1:colcon.colcon_core.package_discovery:discover_packages(ignore) check parameters
[0.942s] Level 1:colcon.colcon_core.package_discovery:discover_packages(path) check parameters
[0.942s] Level 1:colcon.colcon_core.package_discovery:discover_packages(colcon_meta) discover
[0.942s] Level 1:colcon.colcon_core.package_discovery:discover_packages(recursive) discover
[0.942s] INFO:colcon.colcon_core.package_discovery:Crawling recursively for packages in '/home/nap/Desktop/ros_git/ROS_msg'
[0.942s] Level 1:colcon.colcon_core.package_identification:_identify(.) by extensions ['ignore', 'ignore_ament_install']
[0.942s] Level 1:colcon.colcon_core.package_identification:_identify(.) by extension 'ignore'
[0.942s] Level 1:colcon.colcon_core.package_identification:_identify(.) by extension 'ignore_ament_install'
[0.942s] Level 1:colcon.colcon_core.package_identification:_identify(.) by extensions ['colcon_pkg']
[0.942s] Level 1:colcon.colcon_core.package_identification:_identify(.) by extension 'colcon_pkg'
[0.942s] Level 1:colcon.colcon_core.package_identification:_identify(.) by extensions ['colcon_meta']
[0.942s] Level 1:colcon.colcon_core.package_identification:_identify(.) by extension 'colcon_meta'
[0.942s] Level 1:colcon.colcon_core.package_identification:_identify(.) by extensions ['ros']
[0.942s] Level 1:colcon.colcon_core.package_identification:_identify(.) by extension 'ros'
[0.950s] Level 1:colcon.colcon_core.package_identification:_identify(.) by extensions ['cmake', 'python']
[0.950s] Level 1:colcon.colcon_core.package_identification:_identify(.) by extension 'cmake'
[0.950s] Level 1:colcon.colcon_core.package_identification:_identify(.) by extension 'python'
[0.950s] Level 1:colcon.colcon_core.package_identification:_identify(.) by extensions ['python_setup_py']
[0.950s] Level 1:colcon.colcon_core.package_identification:_identify(.) by extension 'python_setup_py'
[0.950s] Level 1:colcon.colcon_core.package_identification:_identify(ROS_TEST) by extensions ['ignore', 'ignore_ament_install']
[0.950s] Level 1:colcon.colcon_core.package_identification:_identify(ROS_TEST) by extension 'ignore'
[0.950s] Level 1:colcon.colcon_core.package_identification:_identify(ROS_TEST) by extension 'ignore_ament_install'
[0.950s] Level 1:colcon.colcon_core.package_identification:_identify(ROS_TEST) by extensions ['colcon_pkg']
[0.950s] Level 1:colcon.colcon_core.package_identification:_identify(ROS_TEST) by extension 'colcon_pkg'
[0.950s] Level 1:colcon.colcon_core.package_identification:_identify(ROS_TEST) by extensions ['colcon_meta']
[0.950s] Level 1:colcon.colcon_core.package_identification:_identify(ROS_TEST) by extension 'colcon_meta'
[0.950s] Level 1:colcon.colcon_core.package_identification:_identify(ROS_TEST) by extensions ['ros']
[0.950s] Level 1:colcon.colcon_core.package_identification:_identify(ROS_TEST) by extension 'ros'
[0.950s] Level 1:colcon.colcon_core.package_identification:_identify(ROS_TEST) by extensions ['cmake', 'python']
[0.950s] Level 1:colcon.colcon_core.package_identification:_identify(ROS_TEST) by extension 'cmake'
[0.950s] Level 1:colcon.colcon_core.package_identification:_identify(ROS_TEST) by extension 'python'
[0.950s] Level 1:colcon.colcon_core.package_identification:_identify(ROS_TEST) by extensions ['python_setup_py']
[0.951s] Level 1:colcon.colcon_core.package_identification:_identify(ROS_TEST) by extension 'python_setup_py'
[0.951s] Level 1:colcon.colcon_core.package_identification:_identify(ROS_TEST/build) by extensions ['ignore', 'ignore_ament_install']
[0.951s] Level 1:colcon.colcon_core.package_identification:_identify(ROS_TEST/build) by extension 'ignore'
[0.951s] Level 1:colcon.colcon_core.package_identification:_identify(ROS_TEST/build) ignored
[0.951s] Level 1:colcon.colcon_core.package_identification:_identify(ROS_TEST/install) by extensions ['ignore', 'ignore_ament_install']
[0.951s] Level 1:colcon.colcon_core.package_identification:_identify(ROS_TEST/install) by extension 'ignore'
[0.951s] Level 1:colcon.colcon_core.package_identification:_identify(ROS_TEST/install) ignored
[0.951s] Level 1:colcon.colcon_core.package_identification:_identify(ROS_TEST/log) by extensions ['ignore', 'ignore_ament_install']
[0.951s] Level 1:colcon.colcon_core.package_identification:_identify(ROS_TEST/log) by extension 'ignore'
[0.951s] Level 1:colcon.colcon_core.package_identification:_identify(ROS_TEST/log) ignored
[0.951s] Level 1:colcon.colcon_core.package_identification:_identify(ROS_TEST/src) by extensions ['ignore', 'ignore_ament_install']
[0.951s] Level 1:colcon.colcon_core.package_identification:_identify(ROS_TEST/src) by extension 'ignore'
[0.951s] Level 1:colcon.colcon_core.package_identification:_identify(ROS_TEST/src) by extension 'ignore_ament_install'
[0.951s] Level 1:colcon.colcon_core.package_identification:_identify(ROS_TEST/src) by extensions ['colcon_pkg']
[0.951s] Level 1:colcon.colcon_core.package_identification:_identify(ROS_TEST/src) by extension 'colcon_pkg'
[0.951s] Level 1:colcon.colcon_core.package_identification:_identify(ROS_TEST/src) by extensions ['colcon_meta']
[0.951s] Level 1:colcon.colcon_core.package_identification:_identify(ROS_TEST/src) by extension 'colcon_meta'
[0.951s] Level 1:colcon.colcon_core.package_identification:_identify(ROS_TEST/src) by extensions ['ros']
[0.951s] Level 1:colcon.colcon_core.package_identification:_identify(ROS_TEST/src) by extension 'ros'
[0.951s] Level 1:colcon.colcon_core.package_identification:_identify(ROS_TEST/src) by extensions ['cmake', 'python']
[0.951s] Level 1:colcon.colcon_core.package_identification:_identify(ROS_TEST/src) by extension 'cmake'
[0.951s] Level 1:colcon.colcon_core.package_identification:_identify(ROS_TEST/src) by extension 'python'
[0.951s] Level 1:colcon.colcon_core.package_identification:_identify(ROS_TEST/src) by extensions ['python_setup_py']
[0.951s] Level 1:colcon.colcon_core.package_identification:_identify(ROS_TEST/src) by extension 'python_setup_py'
[0.951s] Level 1:colcon.colcon_core.package_identification:_identify(ROS_TEST/src/planning) by extensions ['ignore', 'ignore_ament_install']
[0.951s] Level 1:colcon.colcon_core.package_identification:_identify(ROS_TEST/src/planning) by extension 'ignore'
[0.951s] Level 1:colcon.colcon_core.package_identification:_identify(ROS_TEST/src/planning) by extension 'ignore_ament_install'
[0.951s] Level 1:colcon.colcon_core.package_identification:_identify(ROS_TEST/src/planning) by extensions ['colcon_pkg']
[0.951s] Level 1:colcon.colcon_core.package_identification:_identify(ROS_TEST/src/planning) by extension 'colcon_pkg'
[0.951s] Level 1:colcon.colcon_core.package_identification:_identify(ROS_TEST/src/planning) by extensions ['colcon_meta']
[0.951s] Level 1:colcon.colcon_core.package_identification:_identify(ROS_TEST/src/planning) by extension 'colcon_meta'
[0.951s] Level 1:colcon.colcon_core.package_identification:_identify(ROS_TEST/src/planning) by extensions ['ros']
[0.951s] Level 1:colcon.colcon_core.package_identification:_identify(ROS_TEST/src/planning) by extension 'ros'
[0.953s] DEBUG:colcon.colcon_core.package_identification:Package 'ROS_TEST/src/planning' with type 'ros.ament_python' and name 'planning'
[0.953s] Level 1:colcon.colcon_core.package_identification:_identify(ROS_TEST/src/ros_test) by extensions ['ignore', 'ignore_ament_install']
[0.953s] Level 1:colcon.colcon_core.package_identification:_identify(ROS_TEST/src/ros_test) by extension 'ignore'
[0.953s] Level 1:colcon.colcon_core.package_identification:_identify(ROS_TEST/src/ros_test) by extension 'ignore_ament_install'
[0.953s] Level 1:colcon.colcon_core.package_identification:_identify(ROS_TEST/src/ros_test) by extensions ['colcon_pkg']
[0.953s] Level 1:colcon.colcon_core.package_identification:_identify(ROS_TEST/src/ros_test) by extension 'colcon_pkg'
[0.953s] Level 1:colcon.colcon_core.package_identification:_identify(ROS_TEST/src/ros_test) by extensions ['colcon_meta']
[0.953s] Level 1:colcon.colcon_core.package_identification:_identify(ROS_TEST/src/ros_test) by extension 'colcon_meta'
[0.953s] Level 1:colcon.colcon_core.package_identification:_identify(ROS_TEST/src/ros_test) by extensions ['ros']
[0.953s] Level 1:colcon.colcon_core.package_identification:_identify(ROS_TEST/src/ros_test) by extension 'ros'
[0.954s] DEBUG:colcon.colcon_core.package_identification:Package 'ROS_TEST/src/ros_test' with type 'ros.ament_python' and name 'ros_test'
[0.954s] Level 1:colcon.colcon_core.package_identification:_identify(ROS_TEST/src/semaforo) by extensions ['ignore', 'ignore_ament_install']
[0.954s] Level 1:colcon.colcon_core.package_identification:_identify(ROS_TEST/src/semaforo) by extension 'ignore'
[0.954s] Level 1:colcon.colcon_core.package_identification:_identify(ROS_TEST/src/semaforo) by extension 'ignore_ament_install'
[0.954s] Level 1:colcon.colcon_core.package_identification:_identify(ROS_TEST/src/semaforo) by extensions ['colcon_pkg']
[0.954s] Level 1:colcon.colcon_core.package_identification:_identify(ROS_TEST/src/semaforo) by extension 'colcon_pkg'
[0.954s] Level 1:colcon.colcon_core.package_identification:_identify(ROS_TEST/src/semaforo) by extensions ['colcon_meta']
[0.954s] Level 1:colcon.colcon_core.package_identification:_identify(ROS_TEST/src/semaforo) by extension 'colcon_meta'
[0.954s] Level 1:colcon.colcon_core.package_identification:_identify(ROS_TEST/src/semaforo) by extensions ['ros']
[0.954s] Level 1:colcon.colcon_core.package_identification:_identify(ROS_TEST/src/semaforo) by extension 'ros'
[0.954s] DEBUG:colcon.colcon_core.package_identification:Package 'ROS_TEST/src/semaforo' with type 'ros.ament_python' and name 'semaforo'
[0.954s] Level 1:colcon.colcon_core.package_identification:_identify(build) by extensions ['ignore', 'ignore_ament_install']
[0.954s] Level 1:colcon.colcon_core.package_identification:_identify(build) by extension 'ignore'
[0.954s] Level 1:colcon.colcon_core.package_identification:_identify(build) ignored
[0.954s] Level 1:colcon.colcon_core.package_identification:_identify(install) by extensions ['ignore', 'ignore_ament_install']
[0.954s] Level 1:colcon.colcon_core.package_identification:_identify(install) by extension 'ignore'
[0.954s] Level 1:colcon.colcon_core.package_identification:_identify(install) ignored
[0.954s] Level 1:colcon.colcon_core.package_identification:_identify(log) by extensions ['ignore', 'ignore_ament_install']
[0.954s] Level 1:colcon.colcon_core.package_identification:_identify(log) by extension 'ignore'
[0.954s] Level 1:colcon.colcon_core.package_identification:_identify(log) ignored
[0.954s] Level 1:colcon.colcon_core.package_discovery:discover_packages(recursive) using defaults
[0.954s] Level 1:colcon.colcon_core.package_discovery:discover_packages(ignore) discover
[0.954s] Level 1:colcon.colcon_core.package_discovery:discover_packages(ignore) using defaults
[0.954s] Level 1:colcon.colcon_core.package_discovery:discover_packages(path) discover
[0.954s] Level 1:colcon.colcon_core.package_discovery:discover_packages(path) using defaults
[1.017s] Level 1:colcon.colcon_core.package_discovery:discover_packages(prefix_path) check parameters
[1.017s] Level 1:colcon.colcon_core.package_discovery:discover_packages(prefix_path) discover
[1.045s] DEBUG:colcon.colcon_installed_package_information.package_discovery:Found 239 installed packages in /home/nap/autoware/install
[1.055s] DEBUG:colcon.colcon_installed_package_information.package_discovery:Found 332 installed packages in /opt/ros/humble
[1.056s] Level 1:colcon.colcon_core.package_discovery:discover_packages(prefix_path) using defaults
[1.289s] Level 5:colcon.colcon_core.verb:set package 'planning' build argument 'cmake_args' from command line to 'None'
[1.289s] Level 5:colcon.colcon_core.verb:set package 'planning' build argument 'cmake_target' from command line to 'None'
[1.289s] Level 5:colcon.colcon_core.verb:set package 'planning' build argument 'cmake_target_skip_unavailable' from command line to 'False'
[1.289s] Level 5:colcon.colcon_core.verb:set package 'planning' build argument 'cmake_clean_cache' from command line to 'False'
[1.289s] Level 5:colcon.colcon_core.verb:set package 'planning' build argument 'cmake_clean_first' from command line to 'False'
[1.289s] Level 5:colcon.colcon_core.verb:set package 'planning' build argument 'cmake_force_configure' from command line to 'False'
[1.289s] Level 5:colcon.colcon_core.verb:set package 'planning' build argument 'ament_cmake_args' from command line to 'None'
[1.289s] Level 5:colcon.colcon_core.verb:set package 'planning' build argument 'catkin_cmake_args' from command line to 'None'
[1.289s] Level 5:colcon.colcon_core.verb:set package 'planning' build argument 'catkin_skip_building_tests' from command line to 'False'
[1.289s] DEBUG:colcon.colcon_core.verb:Building package 'planning' with the following arguments: {'ament_cmake_args': None, 'build_base': '/home/nap/Desktop/ros_git/ROS_msg/build/planning', 'catkin_cmake_args': None, 'catkin_skip_building_tests': False, 'cmake_args': None, 'cmake_clean_cache': False, 'cmake_clean_first': False, 'cmake_force_configure': False, 'cmake_target': None, 'cmake_target_skip_unavailable': False, 'install_base': '/home/nap/Desktop/ros_git/ROS_msg/install/planning', 'merge_install': False, 'path': '/home/nap/Desktop/ros_git/ROS_msg/ROS_TEST/src/planning', 'symlink_install': False, 'test_result_base': None}
[1.298s] Level 5:colcon.colcon_core.verb:set package 'ros_test' build argument 'cmake_args' from command line to 'None'
[1.298s] Level 5:colcon.colcon_core.verb:set package 'ros_test' build argument 'cmake_target' from command line to 'None'
[1.298s] Level 5:colcon.colcon_core.verb:set package 'ros_test' build argument 'cmake_target_skip_unavailable' from command line to 'False'
[1.298s] Level 5:colcon.colcon_core.verb:set package 'ros_test' build argument 'cmake_clean_cache' from command line to 'False'
[1.298s] Level 5:colcon.colcon_core.verb:set package 'ros_test' build argument 'cmake_clean_first' from command line to 'False'
[1.298s] Level 5:colcon.colcon_core.verb:set package 'ros_test' build argument 'cmake_force_configure' from command line to 'False'
[1.298s] Level 5:colcon.colcon_core.verb:set package 'ros_test' build argument 'ament_cmake_args' from command line to 'None'
[1.298s] Level 5:colcon.colcon_core.verb:set package 'ros_test' build argument 'catkin_cmake_args' from command line to 'None'
[1.298s] Level 5:colcon.colcon_core.verb:set package 'ros_test' build argument 'catkin_skip_building_tests' from command line to 'False'
[1.298s] DEBUG:colcon.colcon_core.verb:Building package 'ros_test' with the following arguments: {'ament_cmake_args': None, 'build_base': '/home/nap/Desktop/ros_git/ROS_msg/build/ros_test', 'catkin_cmake_args': None, 'catkin_skip_building_tests': False, 'cmake_args': None, 'cmake_clean_cache': False, 'cmake_clean_first': False, 'cmake_force_configure': False, 'cmake_target': None, 'cmake_target_skip_unavailable': False, 'install_base': '/home/nap/Desktop/ros_git/ROS_msg/install/ros_test', 'merge_install': False, 'path': '/home/nap/Desktop/ros_git/ROS_msg/ROS_TEST/src/ros_test', 'symlink_install': False, 'test_result_base': None}
[1.307s] Level 5:colcon.colcon_core.verb:set package 'semaforo' build argument 'cmake_args' from command line to 'None'
[1.307s] Level 5:colcon.colcon_core.verb:set package 'semaforo' build argument 'cmake_target' from command line to 'None'
[1.307s] Level 5:colcon.colcon_core.verb:set package 'semaforo' build argument 'cmake_target_skip_unavailable' from command line to 'False'
[1.308s] Level 5:colcon.colcon_core.verb:set package 'semaforo' build argument 'cmake_clean_cache' from command line to 'False'
[1.308s] Level 5:colcon.colcon_core.verb:set package 'semaforo' build argument 'cmake_clean_first' from command line to 'False'
[1.308s] Level 5:colcon.colcon_core.verb:set package 'semaforo' build argument 'cmake_force_configure' from command line to 'False'
[1.308s] Level 5:colcon.colcon_core.verb:set package 'semaforo' build argument 'ament_cmake_args' from command line to 'None'
[1.308s] Level 5:colcon.colcon_core.verb:set package 'semaforo' build argument 'catkin_cmake_args' from command line to 'None'
[1.308s] Level 5:colcon.colcon_core.verb:set package 'semaforo' build argument 'catkin_skip_building_tests' from command line to 'False'
[1.308s] DEBUG:colcon.colcon_core.verb:Building package 'semaforo' with the following arguments: {'ament_cmake_args': None, 'build_base': '/home/nap/Desktop/ros_git/ROS_msg/build/semaforo', 'catkin_cmake_args': None, 'catkin_skip_building_tests': False, 'cmake_args': None, 'cmake_clean_cache': False, 'cmake_clean_first': False, 'cmake_force_configure': False, 'cmake_target': None, 'cmake_target_skip_unavailable': False, 'install_base': '/home/nap/Desktop/ros_git/ROS_msg/install/semaforo', 'merge_install': False, 'path': '/home/nap/Desktop/ros_git/ROS_msg/ROS_TEST/src/semaforo', 'symlink_install': False, 'test_result_base': None}
[1.320s] INFO:colcon.colcon_core.executor:Executing jobs using 'parallel' executor
[1.329s] DEBUG:colcon.colcon_parallel_executor.executor.parallel:run_until_complete
[1.329s] INFO:colcon.colcon_ros.task.ament_python.build:Building ROS package in '/home/nap/Desktop/ros_git/ROS_msg/ROS_TEST/src/planning' with build type 'ament_python'
[1.329s] Level 1:colcon.colcon_core.shell:create_environment_hook('planning', 'ament_prefix_path')
[1.341s] INFO:colcon.colcon_core.plugin_system:Skipping extension 'colcon_core.shell.bat': Not used on non-Windows systems
[1.341s] INFO:colcon.colcon_core.shell:Creating environment hook '/home/nap/Desktop/ros_git/ROS_msg/install/planning/share/planning/hook/ament_prefix_path.ps1'
[1.342s] INFO:colcon.colcon_core.shell:Creating environment descriptor '/home/nap/Desktop/ros_git/ROS_msg/install/planning/share/planning/hook/ament_prefix_path.dsv'
[1.342s] INFO:colcon.colcon_core.shell:Creating environment hook '/home/nap/Desktop/ros_git/ROS_msg/install/planning/share/planning/hook/ament_prefix_path.sh'
[1.351s] INFO:colcon.colcon_core.shell:Skip shell extension 'powershell' for command environment: Not usable outside of PowerShell
[1.351s] DEBUG:colcon.colcon_core.shell:Skip shell extension 'dsv' for command environment
[1.397s] INFO:colcon.colcon_ros.task.ament_python.build:Building ROS package in '/home/nap/Desktop/ros_git/ROS_msg/ROS_TEST/src/ros_test' with build type 'ament_python'
[1.398s] Level 1:colcon.colcon_core.shell:create_environment_hook('ros_test', 'ament_prefix_path')
[1.407s] INFO:colcon.colcon_core.shell:Creating environment hook '/home/nap/Desktop/ros_git/ROS_msg/install/ros_test/share/ros_test/hook/ament_prefix_path.ps1'
[1.408s] INFO:colcon.colcon_core.shell:Creating environment descriptor '/home/nap/Desktop/ros_git/ROS_msg/install/ros_test/share/ros_test/hook/ament_prefix_path.dsv'
[1.408s] INFO:colcon.colcon_core.shell:Creating environment hook '/home/nap/Desktop/ros_git/ROS_msg/install/ros_test/share/ros_test/hook/ament_prefix_path.sh'
[1.419s] INFO:colcon.colcon_core.shell:Skip shell extension 'powershell' for command environment: Not usable outside of PowerShell
[1.419s] DEBUG:colcon.colcon_core.shell:Skip shell extension 'dsv' for command environment
[1.455s] INFO:colcon.colcon_ros.task.ament_python.build:Building ROS package in '/home/nap/Desktop/ros_git/ROS_msg/ROS_TEST/src/semaforo' with build type 'ament_python'
[1.456s] Level 1:colcon.colcon_core.shell:create_environment_hook('semaforo', 'ament_prefix_path')
[1.469s] INFO:colcon.colcon_core.shell:Creating environment hook '/home/nap/Desktop/ros_git/ROS_msg/install/semaforo/share/semaforo/hook/ament_prefix_path.ps1'
[1.469s] INFO:colcon.colcon_core.shell:Creating environment descriptor '/home/nap/Desktop/ros_git/ROS_msg/install/semaforo/share/semaforo/hook/ament_prefix_path.dsv'
[1.469s] INFO:colcon.colcon_core.shell:Creating environment hook '/home/nap/Desktop/ros_git/ROS_msg/install/semaforo/share/semaforo/hook/ament_prefix_path.sh'
[1.480s] INFO:colcon.colcon_core.shell:Skip shell extension 'powershell' for command environment: Not usable outside of PowerShell
[1.480s] DEBUG:colcon.colcon_core.shell:Skip shell extension 'dsv' for command environment
[1.747s] INFO:colcon.colcon_core.task.python.build:Building Python package in '/home/nap/Desktop/ros_git/ROS_msg/ROS_TEST/src/planning'
[1.755s] INFO:colcon.colcon_core.shell:Skip shell extension 'powershell' for command environment: Not usable outside of PowerShell
[1.755s] DEBUG:colcon.colcon_core.shell:Skip shell extension 'dsv' for command environment
[2.005s] INFO:colcon.colcon_core.task.python.build:Building Python package in '/home/nap/Desktop/ros_git/ROS_msg/ROS_TEST/src/ros_test'
[2.016s] INFO:colcon.colcon_core.shell:Skip shell extension 'powershell' for command environment: Not usable outside of PowerShell
[2.016s] DEBUG:colcon.colcon_core.shell:Skip shell extension 'dsv' for command environment
[2.269s] INFO:colcon.colcon_core.task.python.build:Building Python package in '/home/nap/Desktop/ros_git/ROS_msg/ROS_TEST/src/semaforo'
[2.282s] INFO:colcon.colcon_core.shell:Skip shell extension 'powershell' for command environment: Not usable outside of PowerShell
[2.282s] DEBUG:colcon.colcon_core.shell:Skip shell extension 'dsv' for command environment
[2.654s] DEBUG:colcon.colcon_core.event_handler.log_command:Invoking command in '/home/nap/Desktop/ros_git/ROS_msg/ROS_TEST/src/planning': PYTHONPATH=/home/nap/Desktop/ros_git/ROS_msg/build/planning/prefix_override:/home/nap/Desktop/ros_git/ROS_msg/install/planning/lib/python3.10/site-packages:${PYTHONPATH} /usr/bin/python3 setup.py egg_info --egg-base ../../../build/planning build --build-base /home/nap/Desktop/ros_git/ROS_msg/build/planning/build install --record /home/nap/Desktop/ros_git/ROS_msg/build/planning/install.log --single-version-externally-managed
[2.658s] DEBUG:colcon.colcon_core.event_handler.log_command:Invoking command in '/home/nap/Desktop/ros_git/ROS_msg/ROS_TEST/src/ros_test': PYTHONPATH=/home/nap/Desktop/ros_git/ROS_msg/build/ros_test/prefix_override:/home/nap/Desktop/ros_git/ROS_msg/install/ros_test/lib/python3.10/site-packages:${PYTHONPATH} /usr/bin/python3 setup.py egg_info --egg-base ../../../build/ros_test build --build-base /home/nap/Desktop/ros_git/ROS_msg/build/ros_test/build install --record /home/nap/Desktop/ros_git/ROS_msg/build/ros_test/install.log --single-version-externally-managed
[2.659s] DEBUG:colcon.colcon_core.event_handler.log_command:Invoking command in '/home/nap/Desktop/ros_git/ROS_msg/ROS_TEST/src/semaforo': PYTHONPATH=/home/nap/Desktop/ros_git/ROS_msg/build/semaforo/prefix_override:/home/nap/Desktop/ros_git/ROS_msg/install/semaforo/lib/python3.10/site-packages:${PYTHONPATH} /usr/bin/python3 setup.py egg_info --egg-base ../../../build/semaforo build --build-base /home/nap/Desktop/ros_git/ROS_msg/build/semaforo/build install --record /home/nap/Desktop/ros_git/ROS_msg/build/semaforo/install.log --single-version-externally-managed
[2.901s] DEBUG:colcon.colcon_core.event_handler.log_command:Invoked command in '/home/nap/Desktop/ros_git/ROS_msg/ROS_TEST/src/planning' returned '0': PYTHONPATH=/home/nap/Desktop/ros_git/ROS_msg/build/planning/prefix_override:/home/nap/Desktop/ros_git/ROS_msg/install/planning/lib/python3.10/site-packages:${PYTHONPATH} /usr/bin/python3 setup.py egg_info --egg-base ../../../build/planning build --build-base /home/nap/Desktop/ros_git/ROS_msg/build/planning/build install --record /home/nap/Desktop/ros_git/ROS_msg/build/planning/install.log --single-version-externally-managed
[2.915s] Level 1:colcon.colcon_core.environment:checking '/home/nap/Desktop/ros_git/ROS_msg/install/planning' for CMake module files
[2.915s] Level 1:colcon.colcon_core.environment:checking '/home/nap/Desktop/ros_git/ROS_msg/install/planning' for CMake config files
[2.915s] Level 1:colcon.colcon_core.environment:checking '/home/nap/Desktop/ros_git/ROS_msg/install/planning/lib'
[2.915s] Level 1:colcon.colcon_core.environment:checking '/home/nap/Desktop/ros_git/ROS_msg/install/planning/bin'
[2.915s] Level 1:colcon.colcon_core.environment:checking '/home/nap/Desktop/ros_git/ROS_msg/install/planning/lib/pkgconfig/planning.pc'
[2.916s] Level 1:colcon.colcon_core.environment:checking '/home/nap/Desktop/ros_git/ROS_msg/install/planning/lib/python3.10/site-packages'
[2.916s] Level 1:colcon.colcon_core.shell:create_environment_hook('planning', 'pythonpath')
[2.925s] INFO:colcon.colcon_core.shell:Creating environment hook '/home/nap/Desktop/ros_git/ROS_msg/install/planning/share/planning/hook/pythonpath.ps1'
[2.926s] INFO:colcon.colcon_core.shell:Creating environment descriptor '/home/nap/Desktop/ros_git/ROS_msg/install/planning/share/planning/hook/pythonpath.dsv'
[2.926s] INFO:colcon.colcon_core.shell:Creating environment hook '/home/nap/Desktop/ros_git/ROS_msg/install/planning/share/planning/hook/pythonpath.sh'
[2.926s] Level 1:colcon.colcon_core.environment:checking '/home/nap/Desktop/ros_git/ROS_msg/install/planning/bin'
[2.926s] Level 1:colcon.colcon_core.environment:create_environment_scripts_only(planning)
[2.935s] INFO:colcon.colcon_core.shell:Creating package script '/home/nap/Desktop/ros_git/ROS_msg/install/planning/share/planning/package.ps1'
[2.936s] INFO:colcon.colcon_core.shell:Creating package descriptor '/home/nap/Desktop/ros_git/ROS_msg/install/planning/share/planning/package.dsv'
[2.936s] INFO:colcon.colcon_core.shell:Creating package script '/home/nap/Desktop/ros_git/ROS_msg/install/planning/share/planning/package.sh'
[2.937s] INFO:colcon.colcon_core.shell:Creating package script '/home/nap/Desktop/ros_git/ROS_msg/install/planning/share/planning/package.bash'
[2.937s] INFO:colcon.colcon_core.shell:Creating package script '/home/nap/Desktop/ros_git/ROS_msg/install/planning/share/planning/package.zsh'
[2.938s] Level 1:colcon.colcon_core.environment:create_file_with_runtime_dependencies(/home/nap/Desktop/ros_git/ROS_msg/install/planning/share/colcon-core/packages/planning)
[2.939s] DEBUG:colcon.colcon_core.event_handler.log_command:Invoked command in '/home/nap/Desktop/ros_git/ROS_msg/ROS_TEST/src/semaforo' returned '0': PYTHONPATH=/home/nap/Desktop/ros_git/ROS_msg/build/semaforo/prefix_override:/home/nap/Desktop/ros_git/ROS_msg/install/semaforo/lib/python3.10/site-packages:${PYTHONPATH} /usr/bin/python3 setup.py egg_info --egg-base ../../../build/semaforo build --build-base /home/nap/Desktop/ros_git/ROS_msg/build/semaforo/build install --record /home/nap/Desktop/ros_git/ROS_msg/build/semaforo/install.log --single-version-externally-managed
[2.947s] Level 1:colcon.colcon_core.environment:checking '/home/nap/Desktop/ros_git/ROS_msg/install/semaforo' for CMake module files
[2.947s] Level 1:colcon.colcon_core.environment:checking '/home/nap/Desktop/ros_git/ROS_msg/install/semaforo' for CMake config files
[2.947s] Level 1:colcon.colcon_core.environment:checking '/home/nap/Desktop/ros_git/ROS_msg/install/semaforo/lib'
[2.947s] Level 1:colcon.colcon_core.environment:checking '/home/nap/Desktop/ros_git/ROS_msg/install/semaforo/bin'
[2.948s] Level 1:colcon.colcon_core.environment:checking '/home/nap/Desktop/ros_git/ROS_msg/install/semaforo/lib/pkgconfig/semaforo.pc'
[2.948s] Level 1:colcon.colcon_core.environment:checking '/home/nap/Desktop/ros_git/ROS_msg/install/semaforo/lib/python3.10/site-packages'
[2.948s] Level 1:colcon.colcon_core.shell:create_environment_hook('semaforo', 'pythonpath')
[2.957s] INFO:colcon.colcon_core.shell:Creating environment hook '/home/nap/Desktop/ros_git/ROS_msg/install/semaforo/share/semaforo/hook/pythonpath.ps1'
[2.957s] INFO:colcon.colcon_core.shell:Creating environment descriptor '/home/nap/Desktop/ros_git/ROS_msg/install/semaforo/share/semaforo/hook/pythonpath.dsv'
[2.957s] INFO:colcon.colcon_core.shell:Creating environment hook '/home/nap/Desktop/ros_git/ROS_msg/install/semaforo/share/semaforo/hook/pythonpath.sh'
[2.957s] Level 1:colcon.colcon_core.environment:checking '/home/nap/Desktop/ros_git/ROS_msg/install/semaforo/bin'
[2.957s] Level 1:colcon.colcon_core.environment:create_environment_scripts_only(semaforo)
[2.970s] INFO:colcon.colcon_core.shell:Creating package script '/home/nap/Desktop/ros_git/ROS_msg/install/semaforo/share/semaforo/package.ps1'
[2.971s] INFO:colcon.colcon_core.shell:Creating package descriptor '/home/nap/Desktop/ros_git/ROS_msg/install/semaforo/share/semaforo/package.dsv'
[2.971s] INFO:colcon.colcon_core.shell:Creating package script '/home/nap/Desktop/ros_git/ROS_msg/install/semaforo/share/semaforo/package.sh'
[2.972s] INFO:colcon.colcon_core.shell:Creating package script '/home/nap/Desktop/ros_git/ROS_msg/install/semaforo/share/semaforo/package.bash'
[2.972s] INFO:colcon.colcon_core.shell:Creating package script '/home/nap/Desktop/ros_git/ROS_msg/install/semaforo/share/semaforo/package.zsh'
[2.972s] Level 1:colcon.colcon_core.environment:create_file_with_runtime_dependencies(/home/nap/Desktop/ros_git/ROS_msg/install/semaforo/share/colcon-core/packages/semaforo)
[2.974s] DEBUG:colcon.colcon_core.event_handler.log_command:Invoked command in '/home/nap/Desktop/ros_git/ROS_msg/ROS_TEST/src/ros_test' returned '0': PYTHONPATH=/home/nap/Desktop/ros_git/ROS_msg/build/ros_test/prefix_override:/home/nap/Desktop/ros_git/ROS_msg/install/ros_test/lib/python3.10/site-packages:${PYTHONPATH} /usr/bin/python3 setup.py egg_info --egg-base ../../../build/ros_test build --build-base /home/nap/Desktop/ros_git/ROS_msg/build/ros_test/build install --record /home/nap/Desktop/ros_git/ROS_msg/build/ros_test/install.log --single-version-externally-managed
[2.987s] Level 1:colcon.colcon_core.environment:checking '/home/nap/Desktop/ros_git/ROS_msg/install/ros_test' for CMake module files
[2.987s] Level 1:colcon.colcon_core.environment:checking '/home/nap/Desktop/ros_git/ROS_msg/install/ros_test' for CMake config files
[2.987s] Level 1:colcon.colcon_core.environment:checking '/home/nap/Desktop/ros_git/ROS_msg/install/ros_test/lib'
[2.987s] Level 1:colcon.colcon_core.environment:checking '/home/nap/Desktop/ros_git/ROS_msg/install/ros_test/bin'
[2.987s] Level 1:colcon.colcon_core.environment:checking '/home/nap/Desktop/ros_git/ROS_msg/install/ros_test/lib/pkgconfig/ros_test.pc'
[2.988s] Level 1:colcon.colcon_core.environment:checking '/home/nap/Desktop/ros_git/ROS_msg/install/ros_test/lib/python3.10/site-packages'
[2.988s] Level 1:colcon.colcon_core.shell:create_environment_hook('ros_test', 'pythonpath')
[2.996s] INFO:colcon.colcon_core.shell:Creating environment hook '/home/nap/Desktop/ros_git/ROS_msg/install/ros_test/share/ros_test/hook/pythonpath.ps1'
[2.997s] INFO:colcon.colcon_core.shell:Creating environment descriptor '/home/nap/Desktop/ros_git/ROS_msg/install/ros_test/share/ros_test/hook/pythonpath.dsv'
[2.997s] INFO:colcon.colcon_core.shell:Creating environment hook '/home/nap/Desktop/ros_git/ROS_msg/install/ros_test/share/ros_test/hook/pythonpath.sh'
[2.997s] Level 1:colcon.colcon_core.environment:checking '/home/nap/Desktop/ros_git/ROS_msg/install/ros_test/bin'
[2.997s] Level 1:colcon.colcon_core.environment:create_environment_scripts_only(ros_test)
[3.006s] INFO:colcon.colcon_core.shell:Creating package script '/home/nap/Desktop/ros_git/ROS_msg/install/ros_test/share/ros_test/package.ps1'
[3.007s] INFO:colcon.colcon_core.shell:Creating package descriptor '/home/nap/Desktop/ros_git/ROS_msg/install/ros_test/share/ros_test/package.dsv'
[3.007s] INFO:colcon.colcon_core.shell:Creating package script '/home/nap/Desktop/ros_git/ROS_msg/install/ros_test/share/ros_test/package.sh'
[3.007s] INFO:colcon.colcon_core.shell:Creating package script '/home/nap/Desktop/ros_git/ROS_msg/install/ros_test/share/ros_test/package.bash'
[3.007s] INFO:colcon.colcon_core.shell:Creating package script '/home/nap/Desktop/ros_git/ROS_msg/install/ros_test/share/ros_test/package.zsh'
[3.007s] Level 1:colcon.colcon_core.environment:create_file_with_runtime_dependencies(/home/nap/Desktop/ros_git/ROS_msg/install/ros_test/share/colcon-core/packages/ros_test)
[3.008s] DEBUG:colcon.colcon_parallel_executor.executor.parallel:closing loop
[3.008s] DEBUG:colcon.colcon_parallel_executor.executor.parallel:loop closed
[3.008s] DEBUG:colcon.colcon_parallel_executor.executor.parallel:run_until_complete finished with '0'
[3.008s] DEBUG:colcon.colcon_core.event_reactor:joining thread
[3.023s] INFO:colcon.colcon_core.plugin_system:Skipping extension 'colcon_notification.desktop_notification.terminal_notifier': Not used on non-Darwin systems
[3.023s] INFO:colcon.colcon_core.plugin_system:Skipping extension 'colcon_notification.desktop_notification.win32': Not used on non-Windows systems
[3.023s] INFO:colcon.colcon_notification.desktop_notification:Sending desktop notification using 'notify2'
[3.035s] DEBUG:colcon.colcon_core.event_reactor:joined thread
[3.045s] INFO:colcon.colcon_core.shell:Creating prefix script '/home/nap/Desktop/ros_git/ROS_msg/install/local_setup.ps1'
[3.045s] INFO:colcon.colcon_core.shell:Creating prefix util module '/home/nap/Desktop/ros_git/ROS_msg/install/_local_setup_util_ps1.py'
[3.046s] INFO:colcon.colcon_core.shell:Creating prefix chain script '/home/nap/Desktop/ros_git/ROS_msg/install/setup.ps1'
[3.059s] INFO:colcon.colcon_core.shell:Creating prefix script '/home/nap/Desktop/ros_git/ROS_msg/install/local_setup.sh'
[3.060s] INFO:colcon.colcon_core.shell:Creating prefix util module '/home/nap/Desktop/ros_git/ROS_msg/install/_local_setup_util_sh.py'
[3.060s] INFO:colcon.colcon_core.shell:Creating prefix chain script '/home/nap/Desktop/ros_git/ROS_msg/install/setup.sh'
[3.077s] INFO:colcon.colcon_core.shell:Creating prefix script '/home/nap/Desktop/ros_git/ROS_msg/install/local_setup.bash'
[3.078s] INFO:colcon.colcon_core.shell:Creating prefix chain script '/home/nap/Desktop/ros_git/ROS_msg/install/setup.bash'
[3.092s] INFO:colcon.colcon_core.shell:Creating prefix script '/home/nap/Desktop/ros_git/ROS_msg/install/local_setup.zsh'
[3.093s] INFO:colcon.colcon_core.shell:Creating prefix chain script '/home/nap/Desktop/ros_git/ROS_msg/install/setup.zsh'
