[1.308s] Invoking command in '/home/nap/Desktop/ros_git/ROS_msg/ROS_TEST/src/planning': PYTHONPATH=/home/nap/Desktop/ros_git/ROS_msg/build/planning/prefix_override:/home/nap/Desktop/ros_git/ROS_msg/install/planning/lib/python3.10/site-packages:${PYTHONPATH} /usr/bin/python3 setup.py egg_info --egg-base ../../../build/planning build --build-base /home/nap/Desktop/ros_git/ROS_msg/build/planning/build install --record /home/nap/Desktop/ros_git/ROS_msg/build/planning/install.log --single-version-externally-managed
[1.506s] running egg_info
[1.507s] writing ../../../build/planning/planning.egg-info/PKG-INFO
[1.507s] writing dependency_links to ../../../build/planning/planning.egg-info/dependency_links.txt
[1.507s] writing entry points to ../../../build/planning/planning.egg-info/entry_points.txt
[1.507s] writing requirements to ../../../build/planning/planning.egg-info/requires.txt
[1.508s] writing top-level names to ../../../build/planning/planning.egg-info/top_level.txt
[1.510s] reading manifest file '../../../build/planning/planning.egg-info/SOURCES.txt'
[1.510s] adding license file 'LICENSE'
[1.510s] writing manifest file '../../../build/planning/planning.egg-info/SOURCES.txt'
[1.510s] running build
[1.510s] running build_py
[1.510s] copying planning/publisher_member_function.py -> /home/nap/Desktop/ros_git/ROS_msg/build/planning/build/lib/planning
[1.510s] running install
[1.511s] /usr/lib/python3/dist-packages/setuptools/command/install.py:34: SetuptoolsDeprecationWarning: setup.py install is deprecated. Use build and pip and other standards-based tools.
[1.511s]   warnings.warn(
[1.511s] running install_lib
[1.511s] copying /home/nap/Desktop/ros_git/ROS_msg/build/planning/build/lib/planning/publisher_member_function.py -> /home/nap/Desktop/ros_git/ROS_msg/install/planning/lib/python3.10/site-packages/planning
[1.512s] byte-compiling /home/nap/Desktop/ros_git/ROS_msg/install/planning/lib/python3.10/site-packages/planning/publisher_member_function.py to publisher_member_function.cpython-310.pyc
[1.513s] running install_data
[1.513s] running install_egg_info
[1.514s] removing '/home/nap/Desktop/ros_git/ROS_msg/install/planning/lib/python3.10/site-packages/planning-0.0.0-py3.10.egg-info' (and everything under it)
[1.514s] Copying ../../../build/planning/planning.egg-info to /home/nap/Desktop/ros_git/ROS_msg/install/planning/lib/python3.10/site-packages/planning-0.0.0-py3.10.egg-info
[1.515s] running install_scripts
[1.532s] Installing listener script to /home/nap/Desktop/ros_git/ROS_msg/install/planning/lib/planning
[1.532s] Installing talker script to /home/nap/Desktop/ros_git/ROS_msg/install/planning/lib/planning
[1.532s] writing list of installed files to '/home/nap/Desktop/ros_git/ROS_msg/build/planning/install.log'
[1.548s] Invoked command in '/home/nap/Desktop/ros_git/ROS_msg/ROS_TEST/src/planning' returned '0': PYTHONPATH=/home/nap/Desktop/ros_git/ROS_msg/build/planning/prefix_override:/home/nap/Desktop/ros_git/ROS_msg/install/planning/lib/python3.10/site-packages:${PYTHONPATH} /usr/bin/python3 setup.py egg_info --egg-base ../../../build/planning build --build-base /home/nap/Desktop/ros_git/ROS_msg/build/planning/build install --record /home/nap/Desktop/ros_git/ROS_msg/build/planning/install.log --single-version-externally-managed
