[3.315s] Invoking command in '/home/aoki/Desktop/ROS_msg/ROS_TEST/src/planning': PYTHONPATH=/home/aoki/Desktop/ROS_msg/build/planning/prefix_override:/home/aoki/Desktop/ROS_msg/install/planning/lib/python3.10/site-packages:${PYTHONPATH} /usr/bin/python3 setup.py egg_info --egg-base ../../../build/planning build --build-base /home/aoki/Desktop/ROS_msg/build/planning/build install --record /home/aoki/Desktop/ROS_msg/build/planning/install.log --single-version-externally-managed
[4.017s] running egg_info
[4.019s] writing ../../../build/planning/planning.egg-info/PKG-INFO
[4.020s] writing dependency_links to ../../../build/planning/planning.egg-info/dependency_links.txt
[4.020s] writing entry points to ../../../build/planning/planning.egg-info/entry_points.txt
[4.021s] writing requirements to ../../../build/planning/planning.egg-info/requires.txt
[4.021s] writing top-level names to ../../../build/planning/planning.egg-info/top_level.txt
[4.029s] reading manifest file '../../../build/planning/planning.egg-info/SOURCES.txt'
[4.029s] adding license file 'LICENSE'
[4.031s] writing manifest file '../../../build/planning/planning.egg-info/SOURCES.txt'
[4.032s] running build
[4.033s] running build_py
[4.033s] running install
[4.033s] /usr/lib/python3/dist-packages/setuptools/command/install.py:34: SetuptoolsDeprecationWarning: setup.py install is deprecated. Use build and pip and other standards-based tools.
[4.034s]   warnings.warn(
[4.034s] running install_lib
[4.038s] running install_data
[4.040s] running install_egg_info
[4.045s] removing '/home/aoki/Desktop/ROS_msg/install/planning/lib/python3.10/site-packages/planning-0.0.0-py3.10.egg-info' (and everything under it)
[4.046s] Copying ../../../build/planning/planning.egg-info to /home/aoki/Desktop/ROS_msg/install/planning/lib/python3.10/site-packages/planning-0.0.0-py3.10.egg-info
[4.049s] running install_scripts
[4.097s] Installing listener script to /home/aoki/Desktop/ROS_msg/install/planning/lib/planning
[4.097s] Installing talker script to /home/aoki/Desktop/ROS_msg/install/planning/lib/planning
[4.098s] writing list of installed files to '/home/aoki/Desktop/ROS_msg/build/planning/install.log'
[4.164s] Invoked command in '/home/aoki/Desktop/ROS_msg/ROS_TEST/src/planning' returned '0': PYTHONPATH=/home/aoki/Desktop/ROS_msg/build/planning/prefix_override:/home/aoki/Desktop/ROS_msg/install/planning/lib/python3.10/site-packages:${PYTHONPATH} /usr/bin/python3 setup.py egg_info --egg-base ../../../build/planning build --build-base /home/aoki/Desktop/ROS_msg/build/planning/build install --record /home/aoki/Desktop/ROS_msg/build/planning/install.log --single-version-externally-managed
