running egg_info
writing ../../../build/planning/planning.egg-info/PKG-INFO
writing dependency_links to ../../../build/planning/planning.egg-info/dependency_links.txt
writing entry points to ../../../build/planning/planning.egg-info/entry_points.txt
writing requirements to ../../../build/planning/planning.egg-info/requires.txt
writing top-level names to ../../../build/planning/planning.egg-info/top_level.txt
reading manifest file '../../../build/planning/planning.egg-info/SOURCES.txt'
adding license file 'LICENSE'
writing manifest file '../../../build/planning/planning.egg-info/SOURCES.txt'
running build
running build_py
running install
running install_lib
running install_data
copying package.xml -> /home/aoki/Desktop/ROS_msg/install/planning/share/planning
running install_egg_info
removing '/home/aoki/Desktop/ROS_msg/install/planning/lib/python3.10/site-packages/planning-0.0.0-py3.10.egg-info' (and everything under it)
Copying ../../../build/planning/planning.egg-info to /home/aoki/Desktop/ROS_msg/install/planning/lib/python3.10/site-packages/planning-0.0.0-py3.10.egg-info
running install_scripts
Installing listener script to /home/aoki/Desktop/ROS_msg/install/planning/lib/planning
Installing talker script to /home/aoki/Desktop/ROS_msg/install/planning/lib/planning
writing list of installed files to '/home/aoki/Desktop/ROS_msg/build/planning/install.log'
