[5.562s] Invoking command in '/home/aoki/Desktop/ROS_msg/ROS_TEST/src/planning': PYTHONPATH=/home/aoki/Desktop/ROS_msg/build/planning/prefix_override:/home/aoki/Desktop/ROS_msg/install/planning/lib/python3.10/site-packages:${PYTHONPATH} /usr/bin/python3 setup.py egg_info --egg-base ../../../build/planning build --build-base /home/aoki/Desktop/ROS_msg/build/planning/build install --record /home/aoki/Desktop/ROS_msg/build/planning/install.log --single-version-externally-managed
[6.679s] running egg_info
[6.681s] writing ../../../build/planning/planning.egg-info/PKG-INFO
[6.697s] writing dependency_links to ../../../build/planning/planning.egg-info/dependency_links.txt
[6.714s] writing entry points to ../../../build/planning/planning.egg-info/entry_points.txt
[6.729s] writing requirements to ../../../build/planning/planning.egg-info/requires.txt
[6.743s] writing top-level names to ../../../build/planning/planning.egg-info/top_level.txt
[6.765s] reading manifest file '../../../build/planning/planning.egg-info/SOURCES.txt'
[6.766s] adding license file 'LICENSE'
[6.770s] writing manifest file '../../../build/planning/planning.egg-info/SOURCES.txt'
[6.783s] running build
[6.784s] running build_py
[6.786s] running install
[6.786s] /usr/lib/python3/dist-packages/setuptools/command/install.py:34: SetuptoolsDeprecationWarning: setup.py install is deprecated. Use build and pip and other standards-based tools.
[6.787s]   warnings.warn(
[6.787s] running install_lib
[6.793s] running install_data
[6.795s] copying package.xml -> /home/aoki/Desktop/ROS_msg/install/planning/share/planning
[6.795s] running install_egg_info
[6.802s] removing '/home/aoki/Desktop/ROS_msg/install/planning/lib/python3.10/site-packages/planning-0.0.0-py3.10.egg-info' (and everything under it)
[6.803s] Copying ../../../build/planning/planning.egg-info to /home/aoki/Desktop/ROS_msg/install/planning/lib/python3.10/site-packages/planning-0.0.0-py3.10.egg-info
[6.805s] running install_scripts
[6.883s] Installing listener script to /home/aoki/Desktop/ROS_msg/install/planning/lib/planning
[6.900s] Installing talker script to /home/aoki/Desktop/ROS_msg/install/planning/lib/planning
[6.918s] writing list of installed files to '/home/aoki/Desktop/ROS_msg/build/planning/install.log'
[7.037s] Invoked command in '/home/aoki/Desktop/ROS_msg/ROS_TEST/src/planning' returned '0': PYTHONPATH=/home/aoki/Desktop/ROS_msg/build/planning/prefix_override:/home/aoki/Desktop/ROS_msg/install/planning/lib/python3.10/site-packages:${PYTHONPATH} /usr/bin/python3 setup.py egg_info --egg-base ../../../build/planning build --build-base /home/aoki/Desktop/ROS_msg/build/planning/build install --record /home/aoki/Desktop/ROS_msg/build/planning/install.log --single-version-externally-managed
