[1.643s] DEBUG:colcon:Command line arguments: ['/usr/bin/colcon', 'build']
[1.643s] DEBUG:colcon:Parsed command line arguments: Namespace(log_base=None, log_level=None, verb_name='build', build_base='build', install_base='install', merge_install=False, symlink_install=False, test_result_base=None, continue_on_error=False, executor='parallel', parallel_workers=24, event_handlers=None, ignore_user_meta=False, metas=['./colcon.meta'], base_paths=['.'], packages_ignore=None, packages_ignore_regex=None, paths=None, packages_up_to=None, packages_up_to_regex=None, packages_above=None, packages_above_and_dependencies=None, packages_above_depth=None, packages_select_by_dep=None, packages_skip_by_dep=None, packages_skip_up_to=None, packages_select_build_failed=False, packages_skip_build_finished=False, packages_select_test_failures=False, packages_skip_test_passed=False, packages_select=None, packages_skip=None, packages_select_regex=None, packages_skip_regex=None, packages_start=None, packages_end=None, allow_overriding=[], cmake_args=None, cmake_target=None, cmake_target_skip_unavailable=False, cmake_clean_cache=False, cmake_clean_first=False, cmake_force_configure=False, ament_cmake_args=None, catkin_cmake_args=None, catkin_skip_building_tests=False, mixin_files=None, mixin=None, verb_parser=<colcon_mixin.mixin.mixin_argument.MixinArgumentDecorator object at 0x7f07f0295e40>, verb_extension=<colcon_core.verb.build.BuildVerb object at 0x7f07f02b4ac0>, main=<bound method BuildVerb.main of <colcon_core.verb.build.BuildVerb object at 0x7f07f02b4ac0>>, mixin_verb=('build',))
[1.745s] Level 1:colcon.colcon_core.package_discovery:discover_packages(colcon_meta) check parameters
[1.745s] Level 1:colcon.colcon_core.package_discovery:discover_packages(recursive) check parameters
[1.745s] Level 1:colcon.colcon_core.package_discovery:discover_packages(ignore) check parameters
[1.745s] Level 1:colcon.colcon_core.package_discovery:discover_packages(path) check parameters
[1.745s] Level 1:colcon.colcon_core.package_discovery:discover_packages(colcon_meta) discover
[1.745s] Level 1:colcon.colcon_core.package_discovery:discover_packages(recursive) discover
[1.745s] INFO:colcon.colcon_core.package_discovery:Crawling recursively for packages in '/home/nap/Desktop/ros_git/ROS_msg'
[1.745s] Level 1:colcon.colcon_core.package_identification:_identify(.) by extensions ['ignore', 'ignore_ament_install']
[1.745s] Level 1:colcon.colcon_core.package_identification:_identify(.) by extension 'ignore'
[1.745s] Level 1:colcon.colcon_core.package_identification:_identify(.) by extension 'ignore_ament_install'
[1.745s] Level 1:colcon.colcon_core.package_identification:_identify(.) by extensions ['colcon_pkg']
[1.746s] Level 1:colcon.colcon_core.package_identification:_identify(.) by extension 'colcon_pkg'
[1.746s] Level 1:colcon.colcon_core.package_identification:_identify(.) by extensions ['colcon_meta']
[1.746s] Level 1:colcon.colcon_core.package_identification:_identify(.) by extension 'colcon_meta'
[1.746s] Level 1:colcon.colcon_core.package_identification:_identify(.) by extensions ['ros']
[1.746s] Level 1:colcon.colcon_core.package_identification:_identify(.) by extension 'ros'
[1.761s] Level 1:colcon.colcon_core.package_identification:_identify(.) by extensions ['cmake', 'python']
[1.761s] Level 1:colcon.colcon_core.package_identification:_identify(.) by extension 'cmake'
[1.761s] Level 1:colcon.colcon_core.package_identification:_identify(.) by extension 'python'
[1.761s] Level 1:colcon.colcon_core.package_identification:_identify(.) by extensions ['python_setup_py']
[1.761s] Level 1:colcon.colcon_core.package_identification:_identify(.) by extension 'python_setup_py'
[1.762s] Level 1:colcon.colcon_core.package_identification:_identify(ROS_TEST) by extensions ['ignore', 'ignore_ament_install']
[1.762s] Level 1:colcon.colcon_core.package_identification:_identify(ROS_TEST) by extension 'ignore'
[1.762s] Level 1:colcon.colcon_core.package_identification:_identify(ROS_TEST) by extension 'ignore_ament_install'
[1.762s] Level 1:colcon.colcon_core.package_identification:_identify(ROS_TEST) by extensions ['colcon_pkg']
[1.762s] Level 1:colcon.colcon_core.package_identification:_identify(ROS_TEST) by extension 'colcon_pkg'
[1.762s] Level 1:colcon.colcon_core.package_identification:_identify(ROS_TEST) by extensions ['colcon_meta']
[1.762s] Level 1:colcon.colcon_core.package_identification:_identify(ROS_TEST) by extension 'colcon_meta'
[1.762s] Level 1:colcon.colcon_core.package_identification:_identify(ROS_TEST) by extensions ['ros']
[1.762s] Level 1:colcon.colcon_core.package_identification:_identify(ROS_TEST) by extension 'ros'
[1.762s] Level 1:colcon.colcon_core.package_identification:_identify(ROS_TEST) by extensions ['cmake', 'python']
[1.762s] Level 1:colcon.colcon_core.package_identification:_identify(ROS_TEST) by extension 'cmake'
[1.762s] Level 1:colcon.colcon_core.package_identification:_identify(ROS_TEST) by extension 'python'
[1.762s] Level 1:colcon.colcon_core.package_identification:_identify(ROS_TEST) by extensions ['python_setup_py']
[1.762s] Level 1:colcon.colcon_core.package_identification:_identify(ROS_TEST) by extension 'python_setup_py'
[1.763s] Level 1:colcon.colcon_core.package_identification:_identify(ROS_TEST/build) by extensions ['ignore', 'ignore_ament_install']
[1.763s] Level 1:colcon.colcon_core.package_identification:_identify(ROS_TEST/build) by extension 'ignore'
[1.763s] Level 1:colcon.colcon_core.package_identification:_identify(ROS_TEST/build) ignored
[1.763s] Level 1:colcon.colcon_core.package_identification:_identify(ROS_TEST/install) by extensions ['ignore', 'ignore_ament_install']
[1.763s] Level 1:colcon.colcon_core.package_identification:_identify(ROS_TEST/install) by extension 'ignore'
[1.763s] Level 1:colcon.colcon_core.package_identification:_identify(ROS_TEST/install) ignored
[1.763s] Level 1:colcon.colcon_core.package_identification:_identify(ROS_TEST/log) by extensions ['ignore', 'ignore_ament_install']
[1.763s] Level 1:colcon.colcon_core.package_identification:_identify(ROS_TEST/log) by extension 'ignore'
[1.763s] Level 1:colcon.colcon_core.package_identification:_identify(ROS_TEST/log) ignored
[1.763s] Level 1:colcon.colcon_core.package_identification:_identify(ROS_TEST/src) by extensions ['ignore', 'ignore_ament_install']
[1.764s] Level 1:colcon.colcon_core.package_identification:_identify(ROS_TEST/src) by extension 'ignore'
[1.764s] Level 1:colcon.colcon_core.package_identification:_identify(ROS_TEST/src) by extension 'ignore_ament_install'
[1.764s] Level 1:colcon.colcon_core.package_identification:_identify(ROS_TEST/src) by extensions ['colcon_pkg']
[1.764s] Level 1:colcon.colcon_core.package_identification:_identify(ROS_TEST/src) by extension 'colcon_pkg'
[1.764s] Level 1:colcon.colcon_core.package_identification:_identify(ROS_TEST/src) by extensions ['colcon_meta']
[1.764s] Level 1:colcon.colcon_core.package_identification:_identify(ROS_TEST/src) by extension 'colcon_meta'
[1.764s] Level 1:colcon.colcon_core.package_identification:_identify(ROS_TEST/src) by extensions ['ros']
[1.764s] Level 1:colcon.colcon_core.package_identification:_identify(ROS_TEST/src) by extension 'ros'
[1.764s] Level 1:colcon.colcon_core.package_identification:_identify(ROS_TEST/src) by extensions ['cmake', 'python']
[1.764s] Level 1:colcon.colcon_core.package_identification:_identify(ROS_TEST/src) by extension 'cmake'
[1.764s] Level 1:colcon.colcon_core.package_identification:_identify(ROS_TEST/src) by extension 'python'
[1.764s] Level 1:colcon.colcon_core.package_identification:_identify(ROS_TEST/src) by extensions ['python_setup_py']
[1.764s] Level 1:colcon.colcon_core.package_identification:_identify(ROS_TEST/src) by extension 'python_setup_py'
[1.764s] Level 1:colcon.colcon_core.package_identification:_identify(ROS_TEST/src/planning) by extensions ['ignore', 'ignore_ament_install']
[1.764s] Level 1:colcon.colcon_core.package_identification:_identify(ROS_TEST/src/planning) by extension 'ignore'
[1.764s] Level 1:colcon.colcon_core.package_identification:_identify(ROS_TEST/src/planning) by extension 'ignore_ament_install'
[1.764s] Level 1:colcon.colcon_core.package_identification:_identify(ROS_TEST/src/planning) by extensions ['colcon_pkg']
[1.764s] Level 1:colcon.colcon_core.package_identification:_identify(ROS_TEST/src/planning) by extension 'colcon_pkg'
[1.764s] Level 1:colcon.colcon_core.package_identification:_identify(ROS_TEST/src/planning) by extensions ['colcon_meta']
[1.764s] Level 1:colcon.colcon_core.package_identification:_identify(ROS_TEST/src/planning) by extension 'colcon_meta'
[1.764s] Level 1:colcon.colcon_core.package_identification:_identify(ROS_TEST/src/planning) by extensions ['ros']
[1.764s] Level 1:colcon.colcon_core.package_identification:_identify(ROS_TEST/src/planning) by extension 'ros'
[1.770s] DEBUG:colcon.colcon_core.package_identification:Package 'ROS_TEST/src/planning' with type 'ros.ament_python' and name 'planning'
[1.770s] Level 1:colcon.colcon_core.package_identification:_identify(ROS_TEST/src/ros_test) by extensions ['ignore', 'ignore_ament_install']
[1.770s] Level 1:colcon.colcon_core.package_identification:_identify(ROS_TEST/src/ros_test) by extension 'ignore'
[1.770s] Level 1:colcon.colcon_core.package_identification:_identify(ROS_TEST/src/ros_test) by extension 'ignore_ament_install'
[1.771s] Level 1:colcon.colcon_core.package_identification:_identify(ROS_TEST/src/ros_test) by extensions ['colcon_pkg']
[1.771s] Level 1:colcon.colcon_core.package_identification:_identify(ROS_TEST/src/ros_test) by extension 'colcon_pkg'
[1.771s] Level 1:colcon.colcon_core.package_identification:_identify(ROS_TEST/src/ros_test) by extensions ['colcon_meta']
[1.771s] Level 1:colcon.colcon_core.package_identification:_identify(ROS_TEST/src/ros_test) by extension 'colcon_meta'
[1.771s] Level 1:colcon.colcon_core.package_identification:_identify(ROS_TEST/src/ros_test) by extensions ['ros']
[1.771s] Level 1:colcon.colcon_core.package_identification:_identify(ROS_TEST/src/ros_test) by extension 'ros'
[1.772s] DEBUG:colcon.colcon_core.package_identification:Package 'ROS_TEST/src/ros_test' with type 'ros.ament_python' and name 'ros_test'
[1.772s] Level 1:colcon.colcon_core.package_identification:_identify(ROS_TEST/src/semaforo) by extensions ['ignore', 'ignore_ament_install']
[1.772s] Level 1:colcon.colcon_core.package_identification:_identify(ROS_TEST/src/semaforo) by extension 'ignore'
[1.772s] Level 1:colcon.colcon_core.package_identification:_identify(ROS_TEST/src/semaforo) by extension 'ignore_ament_install'
[1.772s] Level 1:colcon.colcon_core.package_identification:_identify(ROS_TEST/src/semaforo) by extensions ['colcon_pkg']
[1.772s] Level 1:colcon.colcon_core.package_identification:_identify(ROS_TEST/src/semaforo) by extension 'colcon_pkg'
[1.772s] Level 1:colcon.colcon_core.package_identification:_identify(ROS_TEST/src/semaforo) by extensions ['colcon_meta']
[1.772s] Level 1:colcon.colcon_core.package_identification:_identify(ROS_TEST/src/semaforo) by extension 'colcon_meta'
[1.772s] Level 1:colcon.colcon_core.package_identification:_identify(ROS_TEST/src/semaforo) by extensions ['ros']
[1.772s] Level 1:colcon.colcon_core.package_identification:_identify(ROS_TEST/src/semaforo) by extension 'ros'
[1.773s] DEBUG:colcon.colcon_core.package_identification:Package 'ROS_TEST/src/semaforo' with type 'ros.ament_python' and name 'semaforo'
[1.773s] Level 1:colcon.colcon_core.package_identification:_identify(build) by extensions ['ignore', 'ignore_ament_install']
[1.774s] Level 1:colcon.colcon_core.package_identification:_identify(build) by extension 'ignore'
[1.774s] Level 1:colcon.colcon_core.package_identification:_identify(build) ignored
[1.774s] Level 1:colcon.colcon_core.package_identification:_identify(install) by extensions ['ignore', 'ignore_ament_install']
[1.774s] Level 1:colcon.colcon_core.package_identification:_identify(install) by extension 'ignore'
[1.774s] Level 1:colcon.colcon_core.package_identification:_identify(install) ignored
[1.774s] Level 1:colcon.colcon_core.package_identification:_identify(log) by extensions ['ignore', 'ignore_ament_install']
[1.774s] Level 1:colcon.colcon_core.package_identification:_identify(log) by extension 'ignore'
[1.774s] Level 1:colcon.colcon_core.package_identification:_identify(log) ignored
[1.774s] Level 1:colcon.colcon_core.package_discovery:discover_packages(recursive) using defaults
[1.774s] Level 1:colcon.colcon_core.package_discovery:discover_packages(ignore) discover
[1.774s] Level 1:colcon.colcon_core.package_discovery:discover_packages(ignore) using defaults
[1.774s] Level 1:colcon.colcon_core.package_discovery:discover_packages(path) discover
[1.774s] Level 1:colcon.colcon_core.package_discovery:discover_packages(path) using defaults
[1.916s] Level 1:colcon.colcon_core.package_discovery:discover_packages(prefix_path) check parameters
[1.916s] Level 1:colcon.colcon_core.package_discovery:discover_packages(prefix_path) discover
[1.967s] DEBUG:colcon.colcon_installed_package_information.package_discovery:Found 239 installed packages in /home/nap/autoware/install
[1.992s] DEBUG:colcon.colcon_installed_package_information.package_discovery:Found 332 installed packages in /opt/ros/humble
[1.994s] Level 1:colcon.colcon_core.package_discovery:discover_packages(prefix_path) using defaults
[2.174s] Level 5:colcon.colcon_core.verb:set package 'planning' build argument 'cmake_args' from command line to 'None'
[2.174s] Level 5:colcon.colcon_core.verb:set package 'planning' build argument 'cmake_target' from command line to 'None'
[2.174s] Level 5:colcon.colcon_core.verb:set package 'planning' build argument 'cmake_target_skip_unavailable' from command line to 'False'
[2.174s] Level 5:colcon.colcon_core.verb:set package 'planning' build argument 'cmake_clean_cache' from command line to 'False'
[2.174s] Level 5:colcon.colcon_core.verb:set package 'planning' build argument 'cmake_clean_first' from command line to 'False'
[2.174s] Level 5:colcon.colcon_core.verb:set package 'planning' build argument 'cmake_force_configure' from command line to 'False'
[2.174s] Level 5:colcon.colcon_core.verb:set package 'planning' build argument 'ament_cmake_args' from command line to 'None'
[2.174s] Level 5:colcon.colcon_core.verb:set package 'planning' build argument 'catkin_cmake_args' from command line to 'None'
[2.175s] Level 5:colcon.colcon_core.verb:set package 'planning' build argument 'catkin_skip_building_tests' from command line to 'False'
[2.175s] DEBUG:colcon.colcon_core.verb:Building package 'planning' with the following arguments: {'ament_cmake_args': None, 'build_base': '/home/nap/Desktop/ros_git/ROS_msg/build/planning', 'catkin_cmake_args': None, 'catkin_skip_building_tests': False, 'cmake_args': None, 'cmake_clean_cache': False, 'cmake_clean_first': False, 'cmake_force_configure': False, 'cmake_target': None, 'cmake_target_skip_unavailable': False, 'install_base': '/home/nap/Desktop/ros_git/ROS_msg/install/planning', 'merge_install': False, 'path': '/home/nap/Desktop/ros_git/ROS_msg/ROS_TEST/src/planning', 'symlink_install': False, 'test_result_base': None}
[2.200s] Level 5:colcon.colcon_core.verb:set package 'ros_test' build argument 'cmake_args' from command line to 'None'
[2.200s] Level 5:colcon.colcon_core.verb:set package 'ros_test' build argument 'cmake_target' from command line to 'None'
[2.200s] Level 5:colcon.colcon_core.verb:set package 'ros_test' build argument 'cmake_target_skip_unavailable' from command line to 'False'
[2.200s] Level 5:colcon.colcon_core.verb:set package 'ros_test' build argument 'cmake_clean_cache' from command line to 'False'
[2.200s] Level 5:colcon.colcon_core.verb:set package 'ros_test' build argument 'cmake_clean_first' from command line to 'False'
[2.200s] Level 5:colcon.colcon_core.verb:set package 'ros_test' build argument 'cmake_force_configure' from command line to 'False'
[2.200s] Level 5:colcon.colcon_core.verb:set package 'ros_test' build argument 'ament_cmake_args' from command line to 'None'
[2.200s] Level 5:colcon.colcon_core.verb:set package 'ros_test' build argument 'catkin_cmake_args' from command line to 'None'
[2.200s] Level 5:colcon.colcon_core.verb:set package 'ros_test' build argument 'catkin_skip_building_tests' from command line to 'False'
[2.200s] DEBUG:colcon.colcon_core.verb:Building package 'ros_test' with the following arguments: {'ament_cmake_args': None, 'build_base': '/home/nap/Desktop/ros_git/ROS_msg/build/ros_test', 'catkin_cmake_args': None, 'catkin_skip_building_tests': False, 'cmake_args': None, 'cmake_clean_cache': False, 'cmake_clean_first': False, 'cmake_force_configure': False, 'cmake_target': None, 'cmake_target_skip_unavailable': False, 'install_base': '/home/nap/Desktop/ros_git/ROS_msg/install/ros_test', 'merge_install': False, 'path': '/home/nap/Desktop/ros_git/ROS_msg/ROS_TEST/src/ros_test', 'symlink_install': False, 'test_result_base': None}
[2.216s] Level 5:colcon.colcon_core.verb:set package 'semaforo' build argument 'cmake_args' from command line to 'None'
[2.217s] Level 5:colcon.colcon_core.verb:set package 'semaforo' build argument 'cmake_target' from command line to 'None'
[2.217s] Level 5:colcon.colcon_core.verb:set package 'semaforo' build argument 'cmake_target_skip_unavailable' from command line to 'False'
[2.217s] Level 5:colcon.colcon_core.verb:set package 'semaforo' build argument 'cmake_clean_cache' from command line to 'False'
[2.217s] Level 5:colcon.colcon_core.verb:set package 'semaforo' build argument 'cmake_clean_first' from command line to 'False'
[2.217s] Level 5:colcon.colcon_core.verb:set package 'semaforo' build argument 'cmake_force_configure' from command line to 'False'
[2.217s] Level 5:colcon.colcon_core.verb:set package 'semaforo' build argument 'ament_cmake_args' from command line to 'None'
[2.217s] Level 5:colcon.colcon_core.verb:set package 'semaforo' build argument 'catkin_cmake_args' from command line to 'None'
[2.217s] Level 5:colcon.colcon_core.verb:set package 'semaforo' build argument 'catkin_skip_building_tests' from command line to 'False'
[2.217s] DEBUG:colcon.colcon_core.verb:Building package 'semaforo' with the following arguments: {'ament_cmake_args': None, 'build_base': '/home/nap/Desktop/ros_git/ROS_msg/build/semaforo', 'catkin_cmake_args': None, 'catkin_skip_building_tests': False, 'cmake_args': None, 'cmake_clean_cache': False, 'cmake_clean_first': False, 'cmake_force_configure': False, 'cmake_target': None, 'cmake_target_skip_unavailable': False, 'install_base': '/home/nap/Desktop/ros_git/ROS_msg/install/semaforo', 'merge_install': False, 'path': '/home/nap/Desktop/ros_git/ROS_msg/ROS_TEST/src/semaforo', 'symlink_install': False, 'test_result_base': None}
[2.233s] INFO:colcon.colcon_core.executor:Executing jobs using 'parallel' executor
[2.251s] DEBUG:colcon.colcon_parallel_executor.executor.parallel:run_until_complete
[2.251s] INFO:colcon.colcon_ros.task.ament_python.build:Building ROS package in '/home/nap/Desktop/ros_git/ROS_msg/ROS_TEST/src/planning' with build type 'ament_python'
[2.251s] Level 1:colcon.colcon_core.shell:create_environment_hook('planning', 'ament_prefix_path')
[2.296s] INFO:colcon.colcon_core.plugin_system:Skipping extension 'colcon_core.shell.bat': Not used on non-Windows systems
[2.296s] INFO:colcon.colcon_core.shell:Creating environment hook '/home/nap/Desktop/ros_git/ROS_msg/install/planning/share/planning/hook/ament_prefix_path.ps1'
[2.297s] INFO:colcon.colcon_core.shell:Creating environment descriptor '/home/nap/Desktop/ros_git/ROS_msg/install/planning/share/planning/hook/ament_prefix_path.dsv'
[2.298s] INFO:colcon.colcon_core.shell:Creating environment hook '/home/nap/Desktop/ros_git/ROS_msg/install/planning/share/planning/hook/ament_prefix_path.sh'
[2.318s] INFO:colcon.colcon_core.shell:Skip shell extension 'powershell' for command environment: Not usable outside of PowerShell
[2.318s] DEBUG:colcon.colcon_core.shell:Skip shell extension 'dsv' for command environment
[2.406s] INFO:colcon.colcon_ros.task.ament_python.build:Building ROS package in '/home/nap/Desktop/ros_git/ROS_msg/ROS_TEST/src/ros_test' with build type 'ament_python'
[2.406s] Level 1:colcon.colcon_core.shell:create_environment_hook('ros_test', 'ament_prefix_path')
[2.425s] INFO:colcon.colcon_core.shell:Creating environment hook '/home/nap/Desktop/ros_git/ROS_msg/install/ros_test/share/ros_test/hook/ament_prefix_path.ps1'
[2.425s] INFO:colcon.colcon_core.shell:Creating environment descriptor '/home/nap/Desktop/ros_git/ROS_msg/install/ros_test/share/ros_test/hook/ament_prefix_path.dsv'
[2.426s] INFO:colcon.colcon_core.shell:Creating environment hook '/home/nap/Desktop/ros_git/ROS_msg/install/ros_test/share/ros_test/hook/ament_prefix_path.sh'
[2.443s] INFO:colcon.colcon_core.shell:Skip shell extension 'powershell' for command environment: Not usable outside of PowerShell
[2.443s] DEBUG:colcon.colcon_core.shell:Skip shell extension 'dsv' for command environment
[2.538s] INFO:colcon.colcon_ros.task.ament_python.build:Building ROS package in '/home/nap/Desktop/ros_git/ROS_msg/ROS_TEST/src/semaforo' with build type 'ament_python'
[2.538s] Level 1:colcon.colcon_core.shell:create_environment_hook('semaforo', 'ament_prefix_path')
[2.558s] INFO:colcon.colcon_core.shell:Creating environment hook '/home/nap/Desktop/ros_git/ROS_msg/install/semaforo/share/semaforo/hook/ament_prefix_path.ps1'
[2.559s] INFO:colcon.colcon_core.shell:Creating environment descriptor '/home/nap/Desktop/ros_git/ROS_msg/install/semaforo/share/semaforo/hook/ament_prefix_path.dsv'
[2.559s] INFO:colcon.colcon_core.shell:Creating environment hook '/home/nap/Desktop/ros_git/ROS_msg/install/semaforo/share/semaforo/hook/ament_prefix_path.sh'
[2.586s] INFO:colcon.colcon_core.shell:Skip shell extension 'powershell' for command environment: Not usable outside of PowerShell
[2.586s] DEBUG:colcon.colcon_core.shell:Skip shell extension 'dsv' for command environment
[3.143s] INFO:colcon.colcon_core.task.python.build:Building Python package in '/home/nap/Desktop/ros_git/ROS_msg/ROS_TEST/src/planning'
[3.171s] INFO:colcon.colcon_core.shell:Skip shell extension 'powershell' for command environment: Not usable outside of PowerShell
[3.171s] DEBUG:colcon.colcon_core.shell:Skip shell extension 'dsv' for command environment
[3.657s] INFO:colcon.colcon_core.task.python.build:Building Python package in '/home/nap/Desktop/ros_git/ROS_msg/ROS_TEST/src/ros_test'
[3.677s] INFO:colcon.colcon_core.shell:Skip shell extension 'powershell' for command environment: Not usable outside of PowerShell
[3.677s] DEBUG:colcon.colcon_core.shell:Skip shell extension 'dsv' for command environment
[4.166s] INFO:colcon.colcon_core.task.python.build:Building Python package in '/home/nap/Desktop/ros_git/ROS_msg/ROS_TEST/src/semaforo'
[4.194s] INFO:colcon.colcon_core.shell:Skip shell extension 'powershell' for command environment: Not usable outside of PowerShell
[4.194s] DEBUG:colcon.colcon_core.shell:Skip shell extension 'dsv' for command environment
[4.946s] DEBUG:colcon.colcon_core.event_handler.log_command:Invoking command in '/home/nap/Desktop/ros_git/ROS_msg/ROS_TEST/src/planning': PYTHONPATH=/home/nap/Desktop/ros_git/ROS_msg/build/planning/prefix_override:/home/nap/Desktop/ros_git/ROS_msg/install/planning/lib/python3.10/site-packages:${PYTHONPATH} /usr/bin/python3 setup.py egg_info --egg-base ../../../build/planning build --build-base /home/nap/Desktop/ros_git/ROS_msg/build/planning/build install --record /home/nap/Desktop/ros_git/ROS_msg/build/planning/install.log --single-version-externally-managed
[4.955s] DEBUG:colcon.colcon_core.event_handler.log_command:Invoking command in '/home/nap/Desktop/ros_git/ROS_msg/ROS_TEST/src/ros_test': PYTHONPATH=/home/nap/Desktop/ros_git/ROS_msg/build/ros_test/prefix_override:/home/nap/Desktop/ros_git/ROS_msg/install/ros_test/lib/python3.10/site-packages:${PYTHONPATH} /usr/bin/python3 setup.py egg_info --egg-base ../../../build/ros_test build --build-base /home/nap/Desktop/ros_git/ROS_msg/build/ros_test/build install --record /home/nap/Desktop/ros_git/ROS_msg/build/ros_test/install.log --single-version-externally-managed
[4.962s] DEBUG:colcon.colcon_core.event_handler.log_command:Invoking command in '/home/nap/Desktop/ros_git/ROS_msg/ROS_TEST/src/semaforo': PYTHONPATH=/home/nap/Desktop/ros_git/ROS_msg/build/semaforo/prefix_override:/home/nap/Desktop/ros_git/ROS_msg/install/semaforo/lib/python3.10/site-packages:${PYTHONPATH} /usr/bin/python3 setup.py egg_info --egg-base ../../../build/semaforo build --build-base /home/nap/Desktop/ros_git/ROS_msg/build/semaforo/build install --record /home/nap/Desktop/ros_git/ROS_msg/build/semaforo/install.log --single-version-externally-managed
[5.467s] DEBUG:colcon.colcon_core.event_handler.log_command:Invoked command in '/home/nap/Desktop/ros_git/ROS_msg/ROS_TEST/src/semaforo' returned '0': PYTHONPATH=/home/nap/Desktop/ros_git/ROS_msg/build/semaforo/prefix_override:/home/nap/Desktop/ros_git/ROS_msg/install/semaforo/lib/python3.10/site-packages:${PYTHONPATH} /usr/bin/python3 setup.py egg_info --egg-base ../../../build/semaforo build --build-base /home/nap/Desktop/ros_git/ROS_msg/build/semaforo/build install --record /home/nap/Desktop/ros_git/ROS_msg/build/semaforo/install.log --single-version-externally-managed
[5.497s] Level 1:colcon.colcon_core.environment:checking '/home/nap/Desktop/ros_git/ROS_msg/install/semaforo' for CMake module files
[5.497s] Level 1:colcon.colcon_core.environment:checking '/home/nap/Desktop/ros_git/ROS_msg/install/semaforo' for CMake config files
[5.498s] Level 1:colcon.colcon_core.environment:checking '/home/nap/Desktop/ros_git/ROS_msg/install/semaforo/lib'
[5.499s] Level 1:colcon.colcon_core.environment:checking '/home/nap/Desktop/ros_git/ROS_msg/install/semaforo/bin'
[5.499s] Level 1:colcon.colcon_core.environment:checking '/home/nap/Desktop/ros_git/ROS_msg/install/semaforo/lib/pkgconfig/semaforo.pc'
[5.499s] Level 1:colcon.colcon_core.environment:checking '/home/nap/Desktop/ros_git/ROS_msg/install/semaforo/lib/python3.10/site-packages'
[5.499s] Level 1:colcon.colcon_core.shell:create_environment_hook('semaforo', 'pythonpath')
[5.519s] INFO:colcon.colcon_core.shell:Creating environment hook '/home/nap/Desktop/ros_git/ROS_msg/install/semaforo/share/semaforo/hook/pythonpath.ps1'
[5.520s] INFO:colcon.colcon_core.shell:Creating environment descriptor '/home/nap/Desktop/ros_git/ROS_msg/install/semaforo/share/semaforo/hook/pythonpath.dsv'
[5.520s] INFO:colcon.colcon_core.shell:Creating environment hook '/home/nap/Desktop/ros_git/ROS_msg/install/semaforo/share/semaforo/hook/pythonpath.sh'
[5.521s] Level 1:colcon.colcon_core.environment:checking '/home/nap/Desktop/ros_git/ROS_msg/install/semaforo/bin'
[5.521s] Level 1:colcon.colcon_core.environment:create_environment_scripts_only(semaforo)
[5.539s] INFO:colcon.colcon_core.shell:Creating package script '/home/nap/Desktop/ros_git/ROS_msg/install/semaforo/share/semaforo/package.ps1'
[5.541s] INFO:colcon.colcon_core.shell:Creating package descriptor '/home/nap/Desktop/ros_git/ROS_msg/install/semaforo/share/semaforo/package.dsv'
[5.541s] INFO:colcon.colcon_core.shell:Creating package script '/home/nap/Desktop/ros_git/ROS_msg/install/semaforo/share/semaforo/package.sh'
[5.542s] INFO:colcon.colcon_core.shell:Creating package script '/home/nap/Desktop/ros_git/ROS_msg/install/semaforo/share/semaforo/package.bash'
[5.543s] INFO:colcon.colcon_core.shell:Creating package script '/home/nap/Desktop/ros_git/ROS_msg/install/semaforo/share/semaforo/package.zsh'
[5.544s] Level 1:colcon.colcon_core.environment:create_file_with_runtime_dependencies(/home/nap/Desktop/ros_git/ROS_msg/install/semaforo/share/colcon-core/packages/semaforo)
[5.546s] DEBUG:colcon.colcon_core.event_handler.log_command:Invoked command in '/home/nap/Desktop/ros_git/ROS_msg/ROS_TEST/src/ros_test' returned '0': PYTHONPATH=/home/nap/Desktop/ros_git/ROS_msg/build/ros_test/prefix_override:/home/nap/Desktop/ros_git/ROS_msg/install/ros_test/lib/python3.10/site-packages:${PYTHONPATH} /usr/bin/python3 setup.py egg_info --egg-base ../../../build/ros_test build --build-base /home/nap/Desktop/ros_git/ROS_msg/build/ros_test/build install --record /home/nap/Desktop/ros_git/ROS_msg/build/ros_test/install.log --single-version-externally-managed
[5.567s] Level 1:colcon.colcon_core.environment:checking '/home/nap/Desktop/ros_git/ROS_msg/install/ros_test' for CMake module files
[5.568s] Level 1:colcon.colcon_core.environment:checking '/home/nap/Desktop/ros_git/ROS_msg/install/ros_test' for CMake config files
[5.568s] Level 1:colcon.colcon_core.environment:checking '/home/nap/Desktop/ros_git/ROS_msg/install/ros_test/lib'
[5.569s] Level 1:colcon.colcon_core.environment:checking '/home/nap/Desktop/ros_git/ROS_msg/install/ros_test/bin'
[5.569s] Level 1:colcon.colcon_core.environment:checking '/home/nap/Desktop/ros_git/ROS_msg/install/ros_test/lib/pkgconfig/ros_test.pc'
[5.569s] Level 1:colcon.colcon_core.environment:checking '/home/nap/Desktop/ros_git/ROS_msg/install/ros_test/lib/python3.10/site-packages'
[5.569s] Level 1:colcon.colcon_core.shell:create_environment_hook('ros_test', 'pythonpath')
[5.593s] INFO:colcon.colcon_core.shell:Creating environment hook '/home/nap/Desktop/ros_git/ROS_msg/install/ros_test/share/ros_test/hook/pythonpath.ps1'
[5.594s] INFO:colcon.colcon_core.shell:Creating environment descriptor '/home/nap/Desktop/ros_git/ROS_msg/install/ros_test/share/ros_test/hook/pythonpath.dsv'
[5.594s] INFO:colcon.colcon_core.shell:Creating environment hook '/home/nap/Desktop/ros_git/ROS_msg/install/ros_test/share/ros_test/hook/pythonpath.sh'
[5.595s] Level 1:colcon.colcon_core.environment:checking '/home/nap/Desktop/ros_git/ROS_msg/install/ros_test/bin'
[5.595s] Level 1:colcon.colcon_core.environment:create_environment_scripts_only(ros_test)
[5.621s] INFO:colcon.colcon_core.shell:Creating package script '/home/nap/Desktop/ros_git/ROS_msg/install/ros_test/share/ros_test/package.ps1'
[5.621s] INFO:colcon.colcon_core.shell:Creating package descriptor '/home/nap/Desktop/ros_git/ROS_msg/install/ros_test/share/ros_test/package.dsv'
[5.622s] INFO:colcon.colcon_core.shell:Creating package script '/home/nap/Desktop/ros_git/ROS_msg/install/ros_test/share/ros_test/package.sh'
[5.622s] INFO:colcon.colcon_core.shell:Creating package script '/home/nap/Desktop/ros_git/ROS_msg/install/ros_test/share/ros_test/package.bash'
[5.623s] INFO:colcon.colcon_core.shell:Creating package script '/home/nap/Desktop/ros_git/ROS_msg/install/ros_test/share/ros_test/package.zsh'
[5.623s] Level 1:colcon.colcon_core.environment:create_file_with_runtime_dependencies(/home/nap/Desktop/ros_git/ROS_msg/install/ros_test/share/colcon-core/packages/ros_test)
[5.625s] DEBUG:colcon.colcon_core.event_handler.log_command:Invoked command in '/home/nap/Desktop/ros_git/ROS_msg/ROS_TEST/src/planning' returned '0': PYTHONPATH=/home/nap/Desktop/ros_git/ROS_msg/build/planning/prefix_override:/home/nap/Desktop/ros_git/ROS_msg/install/planning/lib/python3.10/site-packages:${PYTHONPATH} /usr/bin/python3 setup.py egg_info --egg-base ../../../build/planning build --build-base /home/nap/Desktop/ros_git/ROS_msg/build/planning/build install --record /home/nap/Desktop/ros_git/ROS_msg/build/planning/install.log --single-version-externally-managed
[5.643s] Level 1:colcon.colcon_core.environment:checking '/home/nap/Desktop/ros_git/ROS_msg/install/planning' for CMake module files
[5.643s] Level 1:colcon.colcon_core.environment:checking '/home/nap/Desktop/ros_git/ROS_msg/install/planning' for CMake config files
[5.644s] Level 1:colcon.colcon_core.environment:checking '/home/nap/Desktop/ros_git/ROS_msg/install/planning/lib'
[5.644s] Level 1:colcon.colcon_core.environment:checking '/home/nap/Desktop/ros_git/ROS_msg/install/planning/bin'
[5.644s] Level 1:colcon.colcon_core.environment:checking '/home/nap/Desktop/ros_git/ROS_msg/install/planning/lib/pkgconfig/planning.pc'
[5.644s] Level 1:colcon.colcon_core.environment:checking '/home/nap/Desktop/ros_git/ROS_msg/install/planning/lib/python3.10/site-packages'
[5.644s] Level 1:colcon.colcon_core.shell:create_environment_hook('planning', 'pythonpath')
[5.663s] INFO:colcon.colcon_core.shell:Creating environment hook '/home/nap/Desktop/ros_git/ROS_msg/install/planning/share/planning/hook/pythonpath.ps1'
[5.664s] INFO:colcon.colcon_core.shell:Creating environment descriptor '/home/nap/Desktop/ros_git/ROS_msg/install/planning/share/planning/hook/pythonpath.dsv'
[5.664s] INFO:colcon.colcon_core.shell:Creating environment hook '/home/nap/Desktop/ros_git/ROS_msg/install/planning/share/planning/hook/pythonpath.sh'
[5.665s] Level 1:colcon.colcon_core.environment:checking '/home/nap/Desktop/ros_git/ROS_msg/install/planning/bin'
[5.665s] Level 1:colcon.colcon_core.environment:create_environment_scripts_only(planning)
[5.688s] INFO:colcon.colcon_core.shell:Creating package script '/home/nap/Desktop/ros_git/ROS_msg/install/planning/share/planning/package.ps1'
[5.689s] INFO:colcon.colcon_core.shell:Creating package descriptor '/home/nap/Desktop/ros_git/ROS_msg/install/planning/share/planning/package.dsv'
[5.690s] INFO:colcon.colcon_core.shell:Creating package script '/home/nap/Desktop/ros_git/ROS_msg/install/planning/share/planning/package.sh'
[5.690s] INFO:colcon.colcon_core.shell:Creating package script '/home/nap/Desktop/ros_git/ROS_msg/install/planning/share/planning/package.bash'
[5.690s] INFO:colcon.colcon_core.shell:Creating package script '/home/nap/Desktop/ros_git/ROS_msg/install/planning/share/planning/package.zsh'
[5.691s] Level 1:colcon.colcon_core.environment:create_file_with_runtime_dependencies(/home/nap/Desktop/ros_git/ROS_msg/install/planning/share/colcon-core/packages/planning)
[5.691s] DEBUG:colcon.colcon_parallel_executor.executor.parallel:closing loop
[5.692s] DEBUG:colcon.colcon_parallel_executor.executor.parallel:loop closed
[5.692s] DEBUG:colcon.colcon_parallel_executor.executor.parallel:run_until_complete finished with '0'
[5.692s] DEBUG:colcon.colcon_core.event_reactor:joining thread
[5.720s] INFO:colcon.colcon_core.plugin_system:Skipping extension 'colcon_notification.desktop_notification.terminal_notifier': Not used on non-Darwin systems
[5.720s] INFO:colcon.colcon_core.plugin_system:Skipping extension 'colcon_notification.desktop_notification.win32': Not used on non-Windows systems
[5.720s] INFO:colcon.colcon_notification.desktop_notification:Sending desktop notification using 'notify2'
[5.740s] DEBUG:colcon.colcon_core.event_reactor:joined thread
[5.760s] INFO:colcon.colcon_core.shell:Creating prefix script '/home/nap/Desktop/ros_git/ROS_msg/install/local_setup.ps1'
[5.762s] INFO:colcon.colcon_core.shell:Creating prefix util module '/home/nap/Desktop/ros_git/ROS_msg/install/_local_setup_util_ps1.py'
[5.764s] INFO:colcon.colcon_core.shell:Creating prefix chain script '/home/nap/Desktop/ros_git/ROS_msg/install/setup.ps1'
[5.795s] INFO:colcon.colcon_core.shell:Creating prefix script '/home/nap/Desktop/ros_git/ROS_msg/install/local_setup.sh'
[5.796s] INFO:colcon.colcon_core.shell:Creating prefix util module '/home/nap/Desktop/ros_git/ROS_msg/install/_local_setup_util_sh.py'
[5.796s] INFO:colcon.colcon_core.shell:Creating prefix chain script '/home/nap/Desktop/ros_git/ROS_msg/install/setup.sh'
[5.827s] INFO:colcon.colcon_core.shell:Creating prefix script '/home/nap/Desktop/ros_git/ROS_msg/install/local_setup.bash'
[5.827s] INFO:colcon.colcon_core.shell:Creating prefix chain script '/home/nap/Desktop/ros_git/ROS_msg/install/setup.bash'
[5.853s] INFO:colcon.colcon_core.shell:Creating prefix script '/home/nap/Desktop/ros_git/ROS_msg/install/local_setup.zsh'
[5.854s] INFO:colcon.colcon_core.shell:Creating prefix chain script '/home/nap/Desktop/ros_git/ROS_msg/install/setup.zsh'
