[1.057s] Invoking command in '/home/aoki/Desktop/Planning/src/py_pubsub': PYTHONPATH=/home/aoki/Desktop/Planning/build/py_pubsub/prefix_override:/home/aoki/Desktop/Planning/install/py_pubsub/lib/python3.10/site-packages:${PYTHONPATH} /usr/bin/python3 setup.py egg_info --egg-base ../../build/py_pubsub build --build-base /home/aoki/Desktop/Planning/build/py_pubsub/build install --record /home/aoki/Desktop/Planning/build/py_pubsub/install.log --single-version-externally-managed
[1.332s] running egg_info
[1.332s] creating ../../build/py_pubsub/py_pubsub.egg-info
[1.332s] writing ../../build/py_pubsub/py_pubsub.egg-info/PKG-INFO
[1.332s] writing dependency_links to ../../build/py_pubsub/py_pubsub.egg-info/dependency_links.txt
[1.333s] writing entry points to ../../build/py_pubsub/py_pubsub.egg-info/entry_points.txt
[1.333s] writing requirements to ../../build/py_pubsub/py_pubsub.egg-info/requires.txt
[1.333s] writing top-level names to ../../build/py_pubsub/py_pubsub.egg-info/top_level.txt
[1.333s] writing manifest file '../../build/py_pubsub/py_pubsub.egg-info/SOURCES.txt'
[1.334s] reading manifest file '../../build/py_pubsub/py_pubsub.egg-info/SOURCES.txt'
[1.334s] adding license file 'LICENSE'
[1.335s] writing manifest file '../../build/py_pubsub/py_pubsub.egg-info/SOURCES.txt'
[1.340s] running build
[1.340s] running build_py
[1.340s] creating /home/aoki/Desktop/Planning/build/py_pubsub/build
[1.340s] creating /home/aoki/Desktop/Planning/build/py_pubsub/build/lib
[1.341s] creating /home/aoki/Desktop/Planning/build/py_pubsub/build/lib/py_pubsub
[1.341s] copying py_pubsub/publisher_member_function.py -> /home/aoki/Desktop/Planning/build/py_pubsub/build/lib/py_pubsub
[1.341s] copying py_pubsub/__init__.py -> /home/aoki/Desktop/Planning/build/py_pubsub/build/lib/py_pubsub
[1.341s] copying py_pubsub/subscriber_member_function.py -> /home/aoki/Desktop/Planning/build/py_pubsub/build/lib/py_pubsub
[1.341s] running install
[1.341s] /usr/lib/python3/dist-packages/setuptools/command/install.py:34: SetuptoolsDeprecationWarning: setup.py install is deprecated. Use build and pip and other standards-based tools.
[1.342s]   warnings.warn(
[1.342s] running install_lib
[1.342s] creating /home/aoki/Desktop/Planning/install/py_pubsub/lib/python3.10/site-packages/py_pubsub
[1.342s] copying /home/aoki/Desktop/Planning/build/py_pubsub/build/lib/py_pubsub/publisher_member_function.py -> /home/aoki/Desktop/Planning/install/py_pubsub/lib/python3.10/site-packages/py_pubsub
[1.342s] copying /home/aoki/Desktop/Planning/build/py_pubsub/build/lib/py_pubsub/__init__.py -> /home/aoki/Desktop/Planning/install/py_pubsub/lib/python3.10/site-packages/py_pubsub
[1.342s] copying /home/aoki/Desktop/Planning/build/py_pubsub/build/lib/py_pubsub/subscriber_member_function.py -> /home/aoki/Desktop/Planning/install/py_pubsub/lib/python3.10/site-packages/py_pubsub
[1.343s] byte-compiling /home/aoki/Desktop/Planning/install/py_pubsub/lib/python3.10/site-packages/py_pubsub/publisher_member_function.py to publisher_member_function.cpython-310.pyc
[1.343s] byte-compiling /home/aoki/Desktop/Planning/install/py_pubsub/lib/python3.10/site-packages/py_pubsub/__init__.py to __init__.cpython-310.pyc
[1.343s] byte-compiling /home/aoki/Desktop/Planning/install/py_pubsub/lib/python3.10/site-packages/py_pubsub/subscriber_member_function.py to subscriber_member_function.cpython-310.pyc
[1.344s] running install_data
[1.344s] creating /home/aoki/Desktop/Planning/install/py_pubsub/share/ament_index
[1.344s] creating /home/aoki/Desktop/Planning/install/py_pubsub/share/ament_index/resource_index
[1.344s] creating /home/aoki/Desktop/Planning/install/py_pubsub/share/ament_index/resource_index/packages
[1.344s] copying resource/py_pubsub -> /home/aoki/Desktop/Planning/install/py_pubsub/share/ament_index/resource_index/packages
[1.344s] copying package.xml -> /home/aoki/Desktop/Planning/install/py_pubsub/share/py_pubsub
[1.344s] running install_egg_info
[1.347s] Copying ../../build/py_pubsub/py_pubsub.egg-info to /home/aoki/Desktop/Planning/install/py_pubsub/lib/python3.10/site-packages/py_pubsub-0.0.0-py3.10.egg-info
[1.347s] running install_scripts
[1.369s] writing list of installed files to '/home/aoki/Desktop/Planning/build/py_pubsub/install.log'
[1.398s] Invoked command in '/home/aoki/Desktop/Planning/src/py_pubsub' returned '0': PYTHONPATH=/home/aoki/Desktop/Planning/build/py_pubsub/prefix_override:/home/aoki/Desktop/Planning/install/py_pubsub/lib/python3.10/site-packages:${PYTHONPATH} /usr/bin/python3 setup.py egg_info --egg-base ../../build/py_pubsub build --build-base /home/aoki/Desktop/Planning/build/py_pubsub/build install --record /home/aoki/Desktop/Planning/build/py_pubsub/install.log --single-version-externally-managed
