[1.606s] Invoking command in '/home/aoki/Desktop/ROS_msg/ROS_TEST/src/planning': PYTHONPATH=/home/aoki/Desktop/ROS_msg/build/planning/prefix_override:/home/aoki/Desktop/ROS_msg/install/planning/lib/python3.10/site-packages:${PYTHONPATH} /usr/bin/python3 setup.py egg_info --egg-base ../../../build/planning build --build-base /home/aoki/Desktop/ROS_msg/build/planning/build install --record /home/aoki/Desktop/ROS_msg/build/planning/install.log --single-version-externally-managed
[1.864s] running egg_info
[1.864s] creating ../../../build/planning/planning.egg-info
[1.864s] writing ../../../build/planning/planning.egg-info/PKG-INFO
[1.864s] writing dependency_links to ../../../build/planning/planning.egg-info/dependency_links.txt
[1.864s] writing entry points to ../../../build/planning/planning.egg-info/entry_points.txt
[1.865s] writing requirements to ../../../build/planning/planning.egg-info/requires.txt
[1.865s] writing top-level names to ../../../build/planning/planning.egg-info/top_level.txt
[1.865s] writing manifest file '../../../build/planning/planning.egg-info/SOURCES.txt'
[1.866s] reading manifest file '../../../build/planning/planning.egg-info/SOURCES.txt'
[1.866s] adding license file 'LICENSE'
[1.867s] writing manifest file '../../../build/planning/planning.egg-info/SOURCES.txt'
[1.872s] running build
[1.872s] running build_py
[1.872s] creating /home/aoki/Desktop/ROS_msg/build/planning/build
[1.872s] creating /home/aoki/Desktop/ROS_msg/build/planning/build/lib
[1.872s] creating /home/aoki/Desktop/ROS_msg/build/planning/build/lib/planning
[1.873s] copying planning/publisher_member_function.py -> /home/aoki/Desktop/ROS_msg/build/planning/build/lib/planning
[1.873s] copying planning/__init__.py -> /home/aoki/Desktop/ROS_msg/build/planning/build/lib/planning
[1.873s] copying planning/subscriber_member_function.py -> /home/aoki/Desktop/ROS_msg/build/planning/build/lib/planning
[1.873s] /usr/lib/python3/dist-packages/setuptools/command/install.py:34: SetuptoolsDeprecationWarning: setup.py install is deprecated. Use build and pip and other standards-based tools.
[1.873s]   warnings.warn(
[1.873s] running install
[1.874s] running install_lib
[1.874s] creating /home/aoki/Desktop/ROS_msg/install/planning/lib/python3.10/site-packages/planning
[1.874s] copying /home/aoki/Desktop/ROS_msg/build/planning/build/lib/planning/publisher_member_function.py -> /home/aoki/Desktop/ROS_msg/install/planning/lib/python3.10/site-packages/planning
[1.874s] copying /home/aoki/Desktop/ROS_msg/build/planning/build/lib/planning/__init__.py -> /home/aoki/Desktop/ROS_msg/install/planning/lib/python3.10/site-packages/planning
[1.874s] copying /home/aoki/Desktop/ROS_msg/build/planning/build/lib/planning/subscriber_member_function.py -> /home/aoki/Desktop/ROS_msg/install/planning/lib/python3.10/site-packages/planning
[1.874s] byte-compiling /home/aoki/Desktop/ROS_msg/install/planning/lib/python3.10/site-packages/planning/publisher_member_function.py to publisher_member_function.cpython-310.pyc
[1.874s] byte-compiling /home/aoki/Desktop/ROS_msg/install/planning/lib/python3.10/site-packages/planning/__init__.py to __init__.cpython-310.pyc
[1.875s] byte-compiling /home/aoki/Desktop/ROS_msg/install/planning/lib/python3.10/site-packages/planning/subscriber_member_function.py to subscriber_member_function.cpython-310.pyc
[1.875s] running install_data
[1.875s] creating /home/aoki/Desktop/ROS_msg/install/planning/share/ament_index
[1.876s] creating /home/aoki/Desktop/ROS_msg/install/planning/share/ament_index/resource_index
[1.876s] creating /home/aoki/Desktop/ROS_msg/install/planning/share/ament_index/resource_index/packages
[1.876s] copying resource/planning -> /home/aoki/Desktop/ROS_msg/install/planning/share/ament_index/resource_index/packages
[1.876s] copying package.xml -> /home/aoki/Desktop/ROS_msg/install/planning/share/planning
[1.876s] running install_egg_info
[1.877s] Copying ../../../build/planning/planning.egg-info to /home/aoki/Desktop/ROS_msg/install/planning/lib/python3.10/site-packages/planning-0.0.0-py3.10.egg-info
[1.878s] running install_scripts
[1.895s] writing list of installed files to '/home/aoki/Desktop/ROS_msg/build/planning/install.log'
[1.948s] Invoked command in '/home/aoki/Desktop/ROS_msg/ROS_TEST/src/planning' returned '0': PYTHONPATH=/home/aoki/Desktop/ROS_msg/build/planning/prefix_override:/home/aoki/Desktop/ROS_msg/install/planning/lib/python3.10/site-packages:${PYTHONPATH} /usr/bin/python3 setup.py egg_info --egg-base ../../../build/planning build --build-base /home/aoki/Desktop/ROS_msg/build/planning/build install --record /home/aoki/Desktop/ROS_msg/build/planning/install.log --single-version-externally-managed
