[1.204s] Invoking command in '/home/nap/Desktop/ros_git/ROS_msg/ROS_TEST/src/semaforo': PYTHONPATH=/home/nap/Desktop/ros_git/ROS_msg/build/semaforo/prefix_override:/home/nap/Desktop/ros_git/ROS_msg/install/semaforo/lib/python3.10/site-packages:${PYTHONPATH} /usr/bin/python3 setup.py egg_info --egg-base ../../../build/semaforo build --build-base /home/nap/Desktop/ros_git/ROS_msg/build/semaforo/build install --record /home/nap/Desktop/ros_git/ROS_msg/build/semaforo/install.log --single-version-externally-managed
[1.391s] running egg_info
[1.392s] writing ../../../build/semaforo/semaforo.egg-info/PKG-INFO
[1.392s] writing dependency_links to ../../../build/semaforo/semaforo.egg-info/dependency_links.txt
[1.392s] writing entry points to ../../../build/semaforo/semaforo.egg-info/entry_points.txt
[1.392s] writing requirements to ../../../build/semaforo/semaforo.egg-info/requires.txt
[1.392s] writing top-level names to ../../../build/semaforo/semaforo.egg-info/top_level.txt
[1.393s] reading manifest file '../../../build/semaforo/semaforo.egg-info/SOURCES.txt'
[1.393s] adding license file 'LICENSE'
[1.393s] writing manifest file '../../../build/semaforo/semaforo.egg-info/SOURCES.txt'
[1.394s] running build
[1.394s] running build_py
[1.394s] running install
[1.402s] /usr/lib/python3/dist-packages/setuptools/command/install.py:34: SetuptoolsDeprecationWarning: setup.py install is deprecated. Use build and pip and other standards-based tools.
[1.402s]   warnings.warn(
[1.402s] running install_lib
[1.403s] byte-compiling /home/nap/Desktop/ros_git/ROS_msg/install/semaforo/lib/python3.10/site-packages/semaforo/publisher_member_function.py to publisher_member_function.cpython-310.pyc
[1.403s] running install_data
[1.403s]   File "/home/nap/Desktop/ros_git/ROS_msg/install/semaforo/lib/python3.10/site-packages/semaforo/publisher_member_function.py", line 38
[1.403s]     msg.
[1.403s]         ^
[1.403s] SyntaxError: invalid syntax
[1.403s] 
[1.404s] running install_egg_info
[1.404s] removing '/home/nap/Desktop/ros_git/ROS_msg/install/semaforo/lib/python3.10/site-packages/semaforo-0.0.0-py3.10.egg-info' (and everything under it)
[1.405s] Copying ../../../build/semaforo/semaforo.egg-info to /home/nap/Desktop/ros_git/ROS_msg/install/semaforo/lib/python3.10/site-packages/semaforo-0.0.0-py3.10.egg-info
[1.405s] running install_scripts
[1.422s] writing list of installed files to '/home/nap/Desktop/ros_git/ROS_msg/build/semaforo/install.log'
[1.483s] Invoked command in '/home/nap/Desktop/ros_git/ROS_msg/ROS_TEST/src/semaforo' returned '0': PYTHONPATH=/home/nap/Desktop/ros_git/ROS_msg/build/semaforo/prefix_override:/home/nap/Desktop/ros_git/ROS_msg/install/semaforo/lib/python3.10/site-packages:${PYTHONPATH} /usr/bin/python3 setup.py egg_info --egg-base ../../../build/semaforo build --build-base /home/nap/Desktop/ros_git/ROS_msg/build/semaforo/build install --record /home/nap/Desktop/ros_git/ROS_msg/build/semaforo/install.log --single-version-externally-managed
