[1.209s] DEBUG:colcon:Command line arguments: ['/usr/bin/colcon', 'build']
[1.210s] DEBUG:colcon:Parsed command line arguments: Namespace(log_base=None, log_level=None, verb_name='build', build_base='build', install_base='install', merge_install=False, symlink_install=False, test_result_base=None, continue_on_error=False, executor='parallel', parallel_workers=16, event_handlers=None, ignore_user_meta=False, metas=['./colcon.meta'], base_paths=['.'], packages_ignore=None, packages_ignore_regex=None, paths=None, packages_up_to=None, packages_up_to_regex=None, packages_above=None, packages_above_and_dependencies=None, packages_above_depth=None, packages_select_by_dep=None, packages_skip_by_dep=None, packages_skip_up_to=None, packages_select_build_failed=False, packages_skip_build_finished=False, packages_select_test_failures=False, packages_skip_test_passed=False, packages_select=None, packages_skip=None, packages_select_regex=None, packages_skip_regex=None, packages_start=None, packages_end=None, allow_overriding=[], cmake_args=None, cmake_target=None, cmake_target_skip_unavailable=False, cmake_clean_cache=False, cmake_clean_first=False, cmake_force_configure=False, ament_cmake_args=None, catkin_cmake_args=None, catkin_skip_building_tests=False, mixin_files=None, mixin=None, verb_parser=<colcon_mixin.mixin.mixin_argument.MixinArgumentDecorator object at 0x7f51f46a11e0>, verb_extension=<colcon_core.verb.build.BuildVerb object at 0x7f51f466cf10>, main=<bound method BuildVerb.main of <colcon_core.verb.build.BuildVerb object at 0x7f51f466cf10>>, mixin_verb=('build',))
[1.261s] Level 1:colcon.colcon_core.package_discovery:discover_packages(colcon_meta) check parameters
[1.261s] Level 1:colcon.colcon_core.package_discovery:discover_packages(recursive) check parameters
[1.261s] Level 1:colcon.colcon_core.package_discovery:discover_packages(ignore) check parameters
[1.261s] Level 1:colcon.colcon_core.package_discovery:discover_packages(path) check parameters
[1.261s] Level 1:colcon.colcon_core.package_discovery:discover_packages(colcon_meta) discover
[1.261s] Level 1:colcon.colcon_core.package_discovery:discover_packages(recursive) discover
[1.261s] INFO:colcon.colcon_core.package_discovery:Crawling recursively for packages in '/home/aoki/Desktop/ROS_msg'
[1.262s] Level 1:colcon.colcon_core.package_identification:_identify(.) by extensions ['ignore', 'ignore_ament_install']
[1.262s] Level 1:colcon.colcon_core.package_identification:_identify(.) by extension 'ignore'
[1.262s] Level 1:colcon.colcon_core.package_identification:_identify(.) by extension 'ignore_ament_install'
[1.262s] Level 1:colcon.colcon_core.package_identification:_identify(.) by extensions ['colcon_pkg']
[1.262s] Level 1:colcon.colcon_core.package_identification:_identify(.) by extension 'colcon_pkg'
[1.262s] Level 1:colcon.colcon_core.package_identification:_identify(.) by extensions ['colcon_meta']
[1.262s] Level 1:colcon.colcon_core.package_identification:_identify(.) by extension 'colcon_meta'
[1.262s] Level 1:colcon.colcon_core.package_identification:_identify(.) by extensions ['ros']
[1.262s] Level 1:colcon.colcon_core.package_identification:_identify(.) by extension 'ros'
[1.271s] Level 1:colcon.colcon_core.package_identification:_identify(.) by extensions ['cmake', 'python']
[1.271s] Level 1:colcon.colcon_core.package_identification:_identify(.) by extension 'cmake'
[1.271s] Level 1:colcon.colcon_core.package_identification:_identify(.) by extension 'python'
[1.271s] Level 1:colcon.colcon_core.package_identification:_identify(.) by extensions ['python_setup_py']
[1.271s] Level 1:colcon.colcon_core.package_identification:_identify(.) by extension 'python_setup_py'
[1.271s] Level 1:colcon.colcon_core.package_identification:_identify(ROS_TEST) by extensions ['ignore', 'ignore_ament_install']
[1.271s] Level 1:colcon.colcon_core.package_identification:_identify(ROS_TEST) by extension 'ignore'
[1.271s] Level 1:colcon.colcon_core.package_identification:_identify(ROS_TEST) by extension 'ignore_ament_install'
[1.271s] Level 1:colcon.colcon_core.package_identification:_identify(ROS_TEST) by extensions ['colcon_pkg']
[1.271s] Level 1:colcon.colcon_core.package_identification:_identify(ROS_TEST) by extension 'colcon_pkg'
[1.271s] Level 1:colcon.colcon_core.package_identification:_identify(ROS_TEST) by extensions ['colcon_meta']
[1.271s] Level 1:colcon.colcon_core.package_identification:_identify(ROS_TEST) by extension 'colcon_meta'
[1.271s] Level 1:colcon.colcon_core.package_identification:_identify(ROS_TEST) by extensions ['ros']
[1.271s] Level 1:colcon.colcon_core.package_identification:_identify(ROS_TEST) by extension 'ros'
[1.271s] Level 1:colcon.colcon_core.package_identification:_identify(ROS_TEST) by extensions ['cmake', 'python']
[1.271s] Level 1:colcon.colcon_core.package_identification:_identify(ROS_TEST) by extension 'cmake'
[1.271s] Level 1:colcon.colcon_core.package_identification:_identify(ROS_TEST) by extension 'python'
[1.272s] Level 1:colcon.colcon_core.package_identification:_identify(ROS_TEST) by extensions ['python_setup_py']
[1.272s] Level 1:colcon.colcon_core.package_identification:_identify(ROS_TEST) by extension 'python_setup_py'
[1.272s] Level 1:colcon.colcon_core.package_identification:_identify(ROS_TEST/build) by extensions ['ignore', 'ignore_ament_install']
[1.272s] Level 1:colcon.colcon_core.package_identification:_identify(ROS_TEST/build) by extension 'ignore'
[1.272s] Level 1:colcon.colcon_core.package_identification:_identify(ROS_TEST/build) ignored
[1.272s] Level 1:colcon.colcon_core.package_identification:_identify(ROS_TEST/install) by extensions ['ignore', 'ignore_ament_install']
[1.272s] Level 1:colcon.colcon_core.package_identification:_identify(ROS_TEST/install) by extension 'ignore'
[1.272s] Level 1:colcon.colcon_core.package_identification:_identify(ROS_TEST/install) ignored
[1.272s] Level 1:colcon.colcon_core.package_identification:_identify(ROS_TEST/log) by extensions ['ignore', 'ignore_ament_install']
[1.272s] Level 1:colcon.colcon_core.package_identification:_identify(ROS_TEST/log) by extension 'ignore'
[1.272s] Level 1:colcon.colcon_core.package_identification:_identify(ROS_TEST/log) ignored
[1.272s] Level 1:colcon.colcon_core.package_identification:_identify(ROS_TEST/src) by extensions ['ignore', 'ignore_ament_install']
[1.272s] Level 1:colcon.colcon_core.package_identification:_identify(ROS_TEST/src) by extension 'ignore'
[1.272s] Level 1:colcon.colcon_core.package_identification:_identify(ROS_TEST/src) by extension 'ignore_ament_install'
[1.272s] Level 1:colcon.colcon_core.package_identification:_identify(ROS_TEST/src) by extensions ['colcon_pkg']
[1.272s] Level 1:colcon.colcon_core.package_identification:_identify(ROS_TEST/src) by extension 'colcon_pkg'
[1.272s] Level 1:colcon.colcon_core.package_identification:_identify(ROS_TEST/src) by extensions ['colcon_meta']
[1.272s] Level 1:colcon.colcon_core.package_identification:_identify(ROS_TEST/src) by extension 'colcon_meta'
[1.272s] Level 1:colcon.colcon_core.package_identification:_identify(ROS_TEST/src) by extensions ['ros']
[1.272s] Level 1:colcon.colcon_core.package_identification:_identify(ROS_TEST/src) by extension 'ros'
[1.273s] Level 1:colcon.colcon_core.package_identification:_identify(ROS_TEST/src) by extensions ['cmake', 'python']
[1.273s] Level 1:colcon.colcon_core.package_identification:_identify(ROS_TEST/src) by extension 'cmake'
[1.273s] Level 1:colcon.colcon_core.package_identification:_identify(ROS_TEST/src) by extension 'python'
[1.273s] Level 1:colcon.colcon_core.package_identification:_identify(ROS_TEST/src) by extensions ['python_setup_py']
[1.273s] Level 1:colcon.colcon_core.package_identification:_identify(ROS_TEST/src) by extension 'python_setup_py'
[1.273s] Level 1:colcon.colcon_core.package_identification:_identify(ROS_TEST/src/planning) by extensions ['ignore', 'ignore_ament_install']
[1.273s] Level 1:colcon.colcon_core.package_identification:_identify(ROS_TEST/src/planning) by extension 'ignore'
[1.273s] Level 1:colcon.colcon_core.package_identification:_identify(ROS_TEST/src/planning) by extension 'ignore_ament_install'
[1.273s] Level 1:colcon.colcon_core.package_identification:_identify(ROS_TEST/src/planning) by extensions ['colcon_pkg']
[1.273s] Level 1:colcon.colcon_core.package_identification:_identify(ROS_TEST/src/planning) by extension 'colcon_pkg'
[1.273s] Level 1:colcon.colcon_core.package_identification:_identify(ROS_TEST/src/planning) by extensions ['colcon_meta']
[1.273s] Level 1:colcon.colcon_core.package_identification:_identify(ROS_TEST/src/planning) by extension 'colcon_meta'
[1.273s] Level 1:colcon.colcon_core.package_identification:_identify(ROS_TEST/src/planning) by extensions ['ros']
[1.273s] Level 1:colcon.colcon_core.package_identification:_identify(ROS_TEST/src/planning) by extension 'ros'
[1.275s] DEBUG:colcon.colcon_core.package_identification:Package 'ROS_TEST/src/planning' with type 'ros.ament_python' and name 'planning'
[1.275s] Level 1:colcon.colcon_core.package_identification:_identify(ROS_TEST/src/ros_test) by extensions ['ignore', 'ignore_ament_install']
[1.275s] Level 1:colcon.colcon_core.package_identification:_identify(ROS_TEST/src/ros_test) by extension 'ignore'
[1.275s] Level 1:colcon.colcon_core.package_identification:_identify(ROS_TEST/src/ros_test) by extension 'ignore_ament_install'
[1.275s] Level 1:colcon.colcon_core.package_identification:_identify(ROS_TEST/src/ros_test) by extensions ['colcon_pkg']
[1.275s] Level 1:colcon.colcon_core.package_identification:_identify(ROS_TEST/src/ros_test) by extension 'colcon_pkg'
[1.275s] Level 1:colcon.colcon_core.package_identification:_identify(ROS_TEST/src/ros_test) by extensions ['colcon_meta']
[1.275s] Level 1:colcon.colcon_core.package_identification:_identify(ROS_TEST/src/ros_test) by extension 'colcon_meta'
[1.275s] Level 1:colcon.colcon_core.package_identification:_identify(ROS_TEST/src/ros_test) by extensions ['ros']
[1.275s] Level 1:colcon.colcon_core.package_identification:_identify(ROS_TEST/src/ros_test) by extension 'ros'
[1.276s] DEBUG:colcon.colcon_core.package_identification:Package 'ROS_TEST/src/ros_test' with type 'ros.ament_python' and name 'ros_test'
[1.276s] Level 1:colcon.colcon_core.package_identification:_identify(ROS_TEST/src/semaforo) by extensions ['ignore', 'ignore_ament_install']
[1.276s] Level 1:colcon.colcon_core.package_identification:_identify(ROS_TEST/src/semaforo) by extension 'ignore'
[1.276s] Level 1:colcon.colcon_core.package_identification:_identify(ROS_TEST/src/semaforo) by extension 'ignore_ament_install'
[1.276s] Level 1:colcon.colcon_core.package_identification:_identify(ROS_TEST/src/semaforo) by extensions ['colcon_pkg']
[1.276s] Level 1:colcon.colcon_core.package_identification:_identify(ROS_TEST/src/semaforo) by extension 'colcon_pkg'
[1.276s] Level 1:colcon.colcon_core.package_identification:_identify(ROS_TEST/src/semaforo) by extensions ['colcon_meta']
[1.276s] Level 1:colcon.colcon_core.package_identification:_identify(ROS_TEST/src/semaforo) by extension 'colcon_meta'
[1.276s] Level 1:colcon.colcon_core.package_identification:_identify(ROS_TEST/src/semaforo) by extensions ['ros']
[1.276s] Level 1:colcon.colcon_core.package_identification:_identify(ROS_TEST/src/semaforo) by extension 'ros'
[1.276s] DEBUG:colcon.colcon_core.package_identification:Package 'ROS_TEST/src/semaforo' with type 'ros.ament_python' and name 'semaforo'
[1.276s] Level 1:colcon.colcon_core.package_identification:_identify(build) by extensions ['ignore', 'ignore_ament_install']
[1.277s] Level 1:colcon.colcon_core.package_identification:_identify(build) by extension 'ignore'
[1.277s] Level 1:colcon.colcon_core.package_identification:_identify(build) ignored
[1.277s] Level 1:colcon.colcon_core.package_identification:_identify(install) by extensions ['ignore', 'ignore_ament_install']
[1.277s] Level 1:colcon.colcon_core.package_identification:_identify(install) by extension 'ignore'
[1.277s] Level 1:colcon.colcon_core.package_identification:_identify(install) ignored
[1.277s] Level 1:colcon.colcon_core.package_identification:_identify(log) by extensions ['ignore', 'ignore_ament_install']
[1.277s] Level 1:colcon.colcon_core.package_identification:_identify(log) by extension 'ignore'
[1.277s] Level 1:colcon.colcon_core.package_identification:_identify(log) ignored
[1.277s] Level 1:colcon.colcon_core.package_discovery:discover_packages(recursive) using defaults
[1.277s] Level 1:colcon.colcon_core.package_discovery:discover_packages(ignore) discover
[1.277s] Level 1:colcon.colcon_core.package_discovery:discover_packages(ignore) using defaults
[1.277s] Level 1:colcon.colcon_core.package_discovery:discover_packages(path) discover
[1.277s] Level 1:colcon.colcon_core.package_discovery:discover_packages(path) using defaults
[1.361s] Level 1:colcon.colcon_core.package_discovery:discover_packages(prefix_path) check parameters
[1.361s] Level 1:colcon.colcon_core.package_discovery:discover_packages(prefix_path) discover
[1.391s] DEBUG:colcon.colcon_installed_package_information.package_discovery:Found 332 installed packages in /opt/ros/humble
[1.392s] Level 1:colcon.colcon_core.package_discovery:discover_packages(prefix_path) using defaults
[1.473s] Level 5:colcon.colcon_core.verb:set package 'planning' build argument 'cmake_args' from command line to 'None'
[1.473s] Level 5:colcon.colcon_core.verb:set package 'planning' build argument 'cmake_target' from command line to 'None'
[1.473s] Level 5:colcon.colcon_core.verb:set package 'planning' build argument 'cmake_target_skip_unavailable' from command line to 'False'
[1.473s] Level 5:colcon.colcon_core.verb:set package 'planning' build argument 'cmake_clean_cache' from command line to 'False'
[1.473s] Level 5:colcon.colcon_core.verb:set package 'planning' build argument 'cmake_clean_first' from command line to 'False'
[1.473s] Level 5:colcon.colcon_core.verb:set package 'planning' build argument 'cmake_force_configure' from command line to 'False'
[1.473s] Level 5:colcon.colcon_core.verb:set package 'planning' build argument 'ament_cmake_args' from command line to 'None'
[1.473s] Level 5:colcon.colcon_core.verb:set package 'planning' build argument 'catkin_cmake_args' from command line to 'None'
[1.473s] Level 5:colcon.colcon_core.verb:set package 'planning' build argument 'catkin_skip_building_tests' from command line to 'False'
[1.473s] DEBUG:colcon.colcon_core.verb:Building package 'planning' with the following arguments: {'ament_cmake_args': None, 'build_base': '/home/aoki/Desktop/ROS_msg/build/planning', 'catkin_cmake_args': None, 'catkin_skip_building_tests': False, 'cmake_args': None, 'cmake_clean_cache': False, 'cmake_clean_first': False, 'cmake_force_configure': False, 'cmake_target': None, 'cmake_target_skip_unavailable': False, 'install_base': '/home/aoki/Desktop/ROS_msg/install/planning', 'merge_install': False, 'path': '/home/aoki/Desktop/ROS_msg/ROS_TEST/src/planning', 'symlink_install': False, 'test_result_base': None}
[1.487s] Level 5:colcon.colcon_core.verb:set package 'ros_test' build argument 'cmake_args' from command line to 'None'
[1.487s] Level 5:colcon.colcon_core.verb:set package 'ros_test' build argument 'cmake_target' from command line to 'None'
[1.487s] Level 5:colcon.colcon_core.verb:set package 'ros_test' build argument 'cmake_target_skip_unavailable' from command line to 'False'
[1.487s] Level 5:colcon.colcon_core.verb:set package 'ros_test' build argument 'cmake_clean_cache' from command line to 'False'
[1.487s] Level 5:colcon.colcon_core.verb:set package 'ros_test' build argument 'cmake_clean_first' from command line to 'False'
[1.487s] Level 5:colcon.colcon_core.verb:set package 'ros_test' build argument 'cmake_force_configure' from command line to 'False'
[1.487s] Level 5:colcon.colcon_core.verb:set package 'ros_test' build argument 'ament_cmake_args' from command line to 'None'
[1.487s] Level 5:colcon.colcon_core.verb:set package 'ros_test' build argument 'catkin_cmake_args' from command line to 'None'
[1.487s] Level 5:colcon.colcon_core.verb:set package 'ros_test' build argument 'catkin_skip_building_tests' from command line to 'False'
[1.487s] DEBUG:colcon.colcon_core.verb:Building package 'ros_test' with the following arguments: {'ament_cmake_args': None, 'build_base': '/home/aoki/Desktop/ROS_msg/build/ros_test', 'catkin_cmake_args': None, 'catkin_skip_building_tests': False, 'cmake_args': None, 'cmake_clean_cache': False, 'cmake_clean_first': False, 'cmake_force_configure': False, 'cmake_target': None, 'cmake_target_skip_unavailable': False, 'install_base': '/home/aoki/Desktop/ROS_msg/install/ros_test', 'merge_install': False, 'path': '/home/aoki/Desktop/ROS_msg/ROS_TEST/src/ros_test', 'symlink_install': False, 'test_result_base': None}
[1.501s] Level 5:colcon.colcon_core.verb:set package 'semaforo' build argument 'cmake_args' from command line to 'None'
[1.501s] Level 5:colcon.colcon_core.verb:set package 'semaforo' build argument 'cmake_target' from command line to 'None'
[1.501s] Level 5:colcon.colcon_core.verb:set package 'semaforo' build argument 'cmake_target_skip_unavailable' from command line to 'False'
[1.501s] Level 5:colcon.colcon_core.verb:set package 'semaforo' build argument 'cmake_clean_cache' from command line to 'False'
[1.501s] Level 5:colcon.colcon_core.verb:set package 'semaforo' build argument 'cmake_clean_first' from command line to 'False'
[1.501s] Level 5:colcon.colcon_core.verb:set package 'semaforo' build argument 'cmake_force_configure' from command line to 'False'
[1.501s] Level 5:colcon.colcon_core.verb:set package 'semaforo' build argument 'ament_cmake_args' from command line to 'None'
[1.501s] Level 5:colcon.colcon_core.verb:set package 'semaforo' build argument 'catkin_cmake_args' from command line to 'None'
[1.501s] Level 5:colcon.colcon_core.verb:set package 'semaforo' build argument 'catkin_skip_building_tests' from command line to 'False'
[1.501s] DEBUG:colcon.colcon_core.verb:Building package 'semaforo' with the following arguments: {'ament_cmake_args': None, 'build_base': '/home/aoki/Desktop/ROS_msg/build/semaforo', 'catkin_cmake_args': None, 'catkin_skip_building_tests': False, 'cmake_args': None, 'cmake_clean_cache': False, 'cmake_clean_first': False, 'cmake_force_configure': False, 'cmake_target': None, 'cmake_target_skip_unavailable': False, 'install_base': '/home/aoki/Desktop/ROS_msg/install/semaforo', 'merge_install': False, 'path': '/home/aoki/Desktop/ROS_msg/ROS_TEST/src/semaforo', 'symlink_install': False, 'test_result_base': None}
[1.515s] INFO:colcon.colcon_core.executor:Executing jobs using 'parallel' executor
[1.529s] DEBUG:colcon.colcon_parallel_executor.executor.parallel:run_until_complete
[1.530s] INFO:colcon.colcon_ros.task.ament_python.build:Building ROS package in '/home/aoki/Desktop/ROS_msg/ROS_TEST/src/planning' with build type 'ament_python'
[1.530s] Level 1:colcon.colcon_core.shell:create_environment_hook('planning', 'ament_prefix_path')
[1.547s] INFO:colcon.colcon_core.plugin_system:Skipping extension 'colcon_core.shell.bat': Not used on non-Windows systems
[1.547s] INFO:colcon.colcon_core.shell:Creating environment hook '/home/aoki/Desktop/ROS_msg/install/planning/share/planning/hook/ament_prefix_path.ps1'
[1.547s] INFO:colcon.colcon_core.shell:Creating environment descriptor '/home/aoki/Desktop/ROS_msg/install/planning/share/planning/hook/ament_prefix_path.dsv'
[1.548s] INFO:colcon.colcon_core.shell:Creating environment hook '/home/aoki/Desktop/ROS_msg/install/planning/share/planning/hook/ament_prefix_path.sh'
[1.563s] INFO:colcon.colcon_core.shell:Skip shell extension 'powershell' for command environment: Not usable outside of PowerShell
[1.563s] DEBUG:colcon.colcon_core.shell:Skip shell extension 'dsv' for command environment
[1.595s] INFO:colcon.colcon_ros.task.ament_python.build:Building ROS package in '/home/aoki/Desktop/ROS_msg/ROS_TEST/src/ros_test' with build type 'ament_python'
[1.595s] Level 1:colcon.colcon_core.shell:create_environment_hook('ros_test', 'ament_prefix_path')
[1.611s] INFO:colcon.colcon_core.shell:Creating environment hook '/home/aoki/Desktop/ROS_msg/install/ros_test/share/ros_test/hook/ament_prefix_path.ps1'
[1.611s] INFO:colcon.colcon_core.shell:Creating environment descriptor '/home/aoki/Desktop/ROS_msg/install/ros_test/share/ros_test/hook/ament_prefix_path.dsv'
[1.611s] INFO:colcon.colcon_core.shell:Creating environment hook '/home/aoki/Desktop/ROS_msg/install/ros_test/share/ros_test/hook/ament_prefix_path.sh'
[1.627s] INFO:colcon.colcon_core.shell:Skip shell extension 'powershell' for command environment: Not usable outside of PowerShell
[1.627s] DEBUG:colcon.colcon_core.shell:Skip shell extension 'dsv' for command environment
[1.660s] INFO:colcon.colcon_ros.task.ament_python.build:Building ROS package in '/home/aoki/Desktop/ROS_msg/ROS_TEST/src/semaforo' with build type 'ament_python'
[1.660s] Level 1:colcon.colcon_core.shell:create_environment_hook('semaforo', 'ament_prefix_path')
[1.675s] INFO:colcon.colcon_core.shell:Creating environment hook '/home/aoki/Desktop/ROS_msg/install/semaforo/share/semaforo/hook/ament_prefix_path.ps1'
[1.676s] INFO:colcon.colcon_core.shell:Creating environment descriptor '/home/aoki/Desktop/ROS_msg/install/semaforo/share/semaforo/hook/ament_prefix_path.dsv'
[1.676s] INFO:colcon.colcon_core.shell:Creating environment hook '/home/aoki/Desktop/ROS_msg/install/semaforo/share/semaforo/hook/ament_prefix_path.sh'
[1.691s] INFO:colcon.colcon_core.shell:Skip shell extension 'powershell' for command environment: Not usable outside of PowerShell
[1.691s] DEBUG:colcon.colcon_core.shell:Skip shell extension 'dsv' for command environment
[1.970s] INFO:colcon.colcon_core.task.python.build:Building Python package in '/home/aoki/Desktop/ROS_msg/ROS_TEST/src/planning'
[2.008s] INFO:colcon.colcon_core.shell:Skip shell extension 'powershell' for command environment: Not usable outside of PowerShell
[2.008s] DEBUG:colcon.colcon_core.shell:Skip shell extension 'dsv' for command environment
[2.307s] INFO:colcon.colcon_core.task.python.build:Building Python package in '/home/aoki/Desktop/ROS_msg/ROS_TEST/src/ros_test'
[2.346s] INFO:colcon.colcon_core.shell:Skip shell extension 'powershell' for command environment: Not usable outside of PowerShell
[2.346s] DEBUG:colcon.colcon_core.shell:Skip shell extension 'dsv' for command environment
[2.678s] INFO:colcon.colcon_core.task.python.build:Building Python package in '/home/aoki/Desktop/ROS_msg/ROS_TEST/src/semaforo'
[2.717s] INFO:colcon.colcon_core.shell:Skip shell extension 'powershell' for command environment: Not usable outside of PowerShell
[2.717s] DEBUG:colcon.colcon_core.shell:Skip shell extension 'dsv' for command environment
[3.125s] DEBUG:colcon.colcon_core.event_handler.log_command:Invoking command in '/home/aoki/Desktop/ROS_msg/ROS_TEST/src/ros_test': PYTHONPATH=/home/aoki/Desktop/ROS_msg/build/ros_test/prefix_override:/home/aoki/Desktop/ROS_msg/install/ros_test/lib/python3.10/site-packages:${PYTHONPATH} /usr/bin/python3 setup.py egg_info --egg-base ../../../build/ros_test build --build-base /home/aoki/Desktop/ROS_msg/build/ros_test/build install --record /home/aoki/Desktop/ROS_msg/build/ros_test/install.log --single-version-externally-managed
[3.137s] DEBUG:colcon.colcon_core.event_handler.log_command:Invoking command in '/home/aoki/Desktop/ROS_msg/ROS_TEST/src/planning': PYTHONPATH=/home/aoki/Desktop/ROS_msg/build/planning/prefix_override:/home/aoki/Desktop/ROS_msg/install/planning/lib/python3.10/site-packages:${PYTHONPATH} /usr/bin/python3 setup.py egg_info --egg-base ../../../build/planning build --build-base /home/aoki/Desktop/ROS_msg/build/planning/build install --record /home/aoki/Desktop/ROS_msg/build/planning/install.log --single-version-externally-managed
[3.150s] DEBUG:colcon.colcon_core.event_handler.log_command:Invoking command in '/home/aoki/Desktop/ROS_msg/ROS_TEST/src/semaforo': PYTHONPATH=/home/aoki/Desktop/ROS_msg/build/semaforo/prefix_override:/home/aoki/Desktop/ROS_msg/install/semaforo/lib/python3.10/site-packages:${PYTHONPATH} /usr/bin/python3 setup.py egg_info --egg-base ../../../build/semaforo build --build-base /home/aoki/Desktop/ROS_msg/build/semaforo/build install --record /home/aoki/Desktop/ROS_msg/build/semaforo/install.log --single-version-externally-managed
[3.410s] DEBUG:colcon.colcon_core.event_handler.log_command:Invoked command in '/home/aoki/Desktop/ROS_msg/ROS_TEST/src/ros_test' returned '0': PYTHONPATH=/home/aoki/Desktop/ROS_msg/build/ros_test/prefix_override:/home/aoki/Desktop/ROS_msg/install/ros_test/lib/python3.10/site-packages:${PYTHONPATH} /usr/bin/python3 setup.py egg_info --egg-base ../../../build/ros_test build --build-base /home/aoki/Desktop/ROS_msg/build/ros_test/build install --record /home/aoki/Desktop/ROS_msg/build/ros_test/install.log --single-version-externally-managed
[3.442s] Level 1:colcon.colcon_core.environment:checking '/home/aoki/Desktop/ROS_msg/install/ros_test' for CMake module files
[3.442s] Level 1:colcon.colcon_core.environment:checking '/home/aoki/Desktop/ROS_msg/install/ros_test' for CMake config files
[3.443s] Level 1:colcon.colcon_core.environment:checking '/home/aoki/Desktop/ROS_msg/install/ros_test/lib'
[3.443s] Level 1:colcon.colcon_core.environment:checking '/home/aoki/Desktop/ROS_msg/install/ros_test/bin'
[3.443s] Level 1:colcon.colcon_core.environment:checking '/home/aoki/Desktop/ROS_msg/install/ros_test/lib/pkgconfig/ros_test.pc'
[3.443s] Level 1:colcon.colcon_core.environment:checking '/home/aoki/Desktop/ROS_msg/install/ros_test/lib/python3.10/site-packages'
[3.443s] Level 1:colcon.colcon_core.shell:create_environment_hook('ros_test', 'pythonpath')
[3.458s] INFO:colcon.colcon_core.shell:Creating environment hook '/home/aoki/Desktop/ROS_msg/install/ros_test/share/ros_test/hook/pythonpath.ps1'
[3.458s] INFO:colcon.colcon_core.shell:Creating environment descriptor '/home/aoki/Desktop/ROS_msg/install/ros_test/share/ros_test/hook/pythonpath.dsv'
[3.459s] INFO:colcon.colcon_core.shell:Creating environment hook '/home/aoki/Desktop/ROS_msg/install/ros_test/share/ros_test/hook/pythonpath.sh'
[3.459s] Level 1:colcon.colcon_core.environment:checking '/home/aoki/Desktop/ROS_msg/install/ros_test/bin'
[3.459s] Level 1:colcon.colcon_core.environment:create_environment_scripts_only(ros_test)
[3.474s] INFO:colcon.colcon_core.shell:Creating package script '/home/aoki/Desktop/ROS_msg/install/ros_test/share/ros_test/package.ps1'
[3.474s] INFO:colcon.colcon_core.shell:Creating package descriptor '/home/aoki/Desktop/ROS_msg/install/ros_test/share/ros_test/package.dsv'
[3.475s] INFO:colcon.colcon_core.shell:Creating package script '/home/aoki/Desktop/ROS_msg/install/ros_test/share/ros_test/package.sh'
[3.475s] INFO:colcon.colcon_core.shell:Creating package script '/home/aoki/Desktop/ROS_msg/install/ros_test/share/ros_test/package.bash'
[3.476s] INFO:colcon.colcon_core.shell:Creating package script '/home/aoki/Desktop/ROS_msg/install/ros_test/share/ros_test/package.zsh'
[3.476s] Level 1:colcon.colcon_core.environment:create_file_with_runtime_dependencies(/home/aoki/Desktop/ROS_msg/install/ros_test/share/colcon-core/packages/ros_test)
[3.479s] DEBUG:colcon.colcon_core.event_handler.log_command:Invoked command in '/home/aoki/Desktop/ROS_msg/ROS_TEST/src/planning' returned '0': PYTHONPATH=/home/aoki/Desktop/ROS_msg/build/planning/prefix_override:/home/aoki/Desktop/ROS_msg/install/planning/lib/python3.10/site-packages:${PYTHONPATH} /usr/bin/python3 setup.py egg_info --egg-base ../../../build/planning build --build-base /home/aoki/Desktop/ROS_msg/build/planning/build install --record /home/aoki/Desktop/ROS_msg/build/planning/install.log --single-version-externally-managed
[3.494s] Level 1:colcon.colcon_core.environment:checking '/home/aoki/Desktop/ROS_msg/install/planning' for CMake module files
[3.494s] Level 1:colcon.colcon_core.environment:checking '/home/aoki/Desktop/ROS_msg/install/planning' for CMake config files
[3.494s] Level 1:colcon.colcon_core.environment:checking '/home/aoki/Desktop/ROS_msg/install/planning/lib'
[3.494s] Level 1:colcon.colcon_core.environment:checking '/home/aoki/Desktop/ROS_msg/install/planning/bin'
[3.494s] Level 1:colcon.colcon_core.environment:checking '/home/aoki/Desktop/ROS_msg/install/planning/lib/pkgconfig/planning.pc'
[3.495s] Level 1:colcon.colcon_core.environment:checking '/home/aoki/Desktop/ROS_msg/install/planning/lib/python3.10/site-packages'
[3.495s] Level 1:colcon.colcon_core.shell:create_environment_hook('planning', 'pythonpath')
[3.510s] INFO:colcon.colcon_core.shell:Creating environment hook '/home/aoki/Desktop/ROS_msg/install/planning/share/planning/hook/pythonpath.ps1'
[3.510s] INFO:colcon.colcon_core.shell:Creating environment descriptor '/home/aoki/Desktop/ROS_msg/install/planning/share/planning/hook/pythonpath.dsv'
[3.511s] INFO:colcon.colcon_core.shell:Creating environment hook '/home/aoki/Desktop/ROS_msg/install/planning/share/planning/hook/pythonpath.sh'
[3.511s] Level 1:colcon.colcon_core.environment:checking '/home/aoki/Desktop/ROS_msg/install/planning/bin'
[3.511s] Level 1:colcon.colcon_core.environment:create_environment_scripts_only(planning)
[3.539s] INFO:colcon.colcon_core.shell:Creating package script '/home/aoki/Desktop/ROS_msg/install/planning/share/planning/package.ps1'
[3.539s] INFO:colcon.colcon_core.shell:Creating package descriptor '/home/aoki/Desktop/ROS_msg/install/planning/share/planning/package.dsv'
[3.540s] INFO:colcon.colcon_core.shell:Creating package script '/home/aoki/Desktop/ROS_msg/install/planning/share/planning/package.sh'
[3.540s] INFO:colcon.colcon_core.shell:Creating package script '/home/aoki/Desktop/ROS_msg/install/planning/share/planning/package.bash'
[3.540s] INFO:colcon.colcon_core.shell:Creating package script '/home/aoki/Desktop/ROS_msg/install/planning/share/planning/package.zsh'
[3.540s] Level 1:colcon.colcon_core.environment:create_file_with_runtime_dependencies(/home/aoki/Desktop/ROS_msg/install/planning/share/colcon-core/packages/planning)
[3.543s] DEBUG:colcon.colcon_core.event_handler.log_command:Invoked command in '/home/aoki/Desktop/ROS_msg/ROS_TEST/src/semaforo' returned '0': PYTHONPATH=/home/aoki/Desktop/ROS_msg/build/semaforo/prefix_override:/home/aoki/Desktop/ROS_msg/install/semaforo/lib/python3.10/site-packages:${PYTHONPATH} /usr/bin/python3 setup.py egg_info --egg-base ../../../build/semaforo build --build-base /home/aoki/Desktop/ROS_msg/build/semaforo/build install --record /home/aoki/Desktop/ROS_msg/build/semaforo/install.log --single-version-externally-managed
[3.557s] Level 1:colcon.colcon_core.environment:checking '/home/aoki/Desktop/ROS_msg/install/semaforo' for CMake module files
[3.557s] Level 1:colcon.colcon_core.environment:checking '/home/aoki/Desktop/ROS_msg/install/semaforo' for CMake config files
[3.558s] Level 1:colcon.colcon_core.environment:checking '/home/aoki/Desktop/ROS_msg/install/semaforo/lib'
[3.558s] Level 1:colcon.colcon_core.environment:checking '/home/aoki/Desktop/ROS_msg/install/semaforo/bin'
[3.558s] Level 1:colcon.colcon_core.environment:checking '/home/aoki/Desktop/ROS_msg/install/semaforo/lib/pkgconfig/semaforo.pc'
[3.558s] Level 1:colcon.colcon_core.environment:checking '/home/aoki/Desktop/ROS_msg/install/semaforo/lib/python3.10/site-packages'
[3.558s] Level 1:colcon.colcon_core.shell:create_environment_hook('semaforo', 'pythonpath')
[3.573s] INFO:colcon.colcon_core.shell:Creating environment hook '/home/aoki/Desktop/ROS_msg/install/semaforo/share/semaforo/hook/pythonpath.ps1'
[3.574s] INFO:colcon.colcon_core.shell:Creating environment descriptor '/home/aoki/Desktop/ROS_msg/install/semaforo/share/semaforo/hook/pythonpath.dsv'
[3.574s] INFO:colcon.colcon_core.shell:Creating environment hook '/home/aoki/Desktop/ROS_msg/install/semaforo/share/semaforo/hook/pythonpath.sh'
[3.574s] Level 1:colcon.colcon_core.environment:checking '/home/aoki/Desktop/ROS_msg/install/semaforo/bin'
[3.574s] Level 1:colcon.colcon_core.environment:create_environment_scripts_only(semaforo)
[3.589s] INFO:colcon.colcon_core.shell:Creating package script '/home/aoki/Desktop/ROS_msg/install/semaforo/share/semaforo/package.ps1'
[3.589s] INFO:colcon.colcon_core.shell:Creating package descriptor '/home/aoki/Desktop/ROS_msg/install/semaforo/share/semaforo/package.dsv'
[3.590s] INFO:colcon.colcon_core.shell:Creating package script '/home/aoki/Desktop/ROS_msg/install/semaforo/share/semaforo/package.sh'
[3.590s] INFO:colcon.colcon_core.shell:Creating package script '/home/aoki/Desktop/ROS_msg/install/semaforo/share/semaforo/package.bash'
[3.590s] INFO:colcon.colcon_core.shell:Creating package script '/home/aoki/Desktop/ROS_msg/install/semaforo/share/semaforo/package.zsh'
[3.590s] Level 1:colcon.colcon_core.environment:create_file_with_runtime_dependencies(/home/aoki/Desktop/ROS_msg/install/semaforo/share/colcon-core/packages/semaforo)
[3.591s] DEBUG:colcon.colcon_parallel_executor.executor.parallel:closing loop
[3.591s] DEBUG:colcon.colcon_parallel_executor.executor.parallel:loop closed
[3.591s] DEBUG:colcon.colcon_parallel_executor.executor.parallel:run_until_complete finished with '0'
[3.591s] DEBUG:colcon.colcon_core.event_reactor:joining thread
[3.639s] INFO:colcon.colcon_core.plugin_system:Skipping extension 'colcon_notification.desktop_notification.terminal_notifier': Not used on non-Darwin systems
[3.639s] INFO:colcon.colcon_core.plugin_system:Skipping extension 'colcon_notification.desktop_notification.win32': Not used on non-Windows systems
[3.639s] INFO:colcon.colcon_notification.desktop_notification:Sending desktop notification using 'notify2'
[3.663s] DEBUG:colcon.colcon_core.event_reactor:joined thread
[3.677s] INFO:colcon.colcon_core.shell:Creating prefix script '/home/aoki/Desktop/ROS_msg/install/local_setup.ps1'
[3.678s] INFO:colcon.colcon_core.shell:Creating prefix util module '/home/aoki/Desktop/ROS_msg/install/_local_setup_util_ps1.py'
[3.679s] INFO:colcon.colcon_core.shell:Creating prefix chain script '/home/aoki/Desktop/ROS_msg/install/setup.ps1'
[3.694s] INFO:colcon.colcon_core.shell:Creating prefix script '/home/aoki/Desktop/ROS_msg/install/local_setup.sh'
[3.694s] INFO:colcon.colcon_core.shell:Creating prefix util module '/home/aoki/Desktop/ROS_msg/install/_local_setup_util_sh.py'
[3.694s] INFO:colcon.colcon_core.shell:Creating prefix chain script '/home/aoki/Desktop/ROS_msg/install/setup.sh'
[3.709s] INFO:colcon.colcon_core.shell:Creating prefix script '/home/aoki/Desktop/ROS_msg/install/local_setup.bash'
[3.709s] INFO:colcon.colcon_core.shell:Creating prefix chain script '/home/aoki/Desktop/ROS_msg/install/setup.bash'
[3.724s] INFO:colcon.colcon_core.shell:Creating prefix script '/home/aoki/Desktop/ROS_msg/install/local_setup.zsh'
[3.725s] INFO:colcon.colcon_core.shell:Creating prefix chain script '/home/aoki/Desktop/ROS_msg/install/setup.zsh'
