running egg_info
writing ../../build/semaforo/semaforo.egg-info/PKG-INFO
writing dependency_links to ../../build/semaforo/semaforo.egg-info/dependency_links.txt
writing entry points to ../../build/semaforo/semaforo.egg-info/entry_points.txt
writing requirements to ../../build/semaforo/semaforo.egg-info/requires.txt
writing top-level names to ../../build/semaforo/semaforo.egg-info/top_level.txt
reading manifest file '../../build/semaforo/semaforo.egg-info/SOURCES.txt'
adding license file 'LICENSE'
writing manifest file '../../build/semaforo/semaforo.egg-info/SOURCES.txt'
running build
running build_py
copying semaforo/publisher_member_function.py -> /home/nap/Desktop/ros_git/ROS_msg/build/semaforo/build/lib/semaforo
running install
running install_lib
copying /home/nap/Desktop/ros_git/ROS_msg/build/semaforo/build/lib/semaforo/publisher_member_function.py -> /home/nap/Desktop/ros_git/ROS_msg/install/semaforo/lib/python3.10/site-packages/semaforo
byte-compiling /home/nap/Desktop/ros_git/ROS_msg/install/semaforo/lib/python3.10/site-packages/semaforo/publisher_member_function.py to publisher_member_function.cpython-310.pyc
running install_data
running install_egg_info
removing '/home/nap/Desktop/ros_git/ROS_msg/install/semaforo/lib/python3.10/site-packages/semaforo-0.0.0-py3.10.egg-info' (and everything under it)
Copying ../../build/semaforo/semaforo.egg-info to /home/nap/Desktop/ros_git/ROS_msg/install/semaforo/lib/python3.10/site-packages/semaforo-0.0.0-py3.10.egg-info
running install_scripts
Installing signals script to /home/nap/Desktop/ros_git/ROS_msg/install/semaforo/lib/semaforo
writing list of installed files to '/home/nap/Desktop/ros_git/ROS_msg/build/semaforo/install.log'
