[2.423s] Invoking command in '/home/nap/Desktop/ros_git/ROS_msg/ROS_TEST/src/semaforo': PYTHONPATH=/home/nap/Desktop/ros_git/ROS_msg/build/semaforo/prefix_override:/home/nap/Desktop/ros_git/ROS_msg/install/semaforo/lib/python3.10/site-packages:${PYTHONPATH} /usr/bin/python3 setup.py egg_info --egg-base ../../../build/semaforo build --build-base /home/nap/Desktop/ros_git/ROS_msg/build/semaforo/build install --record /home/nap/Desktop/ros_git/ROS_msg/build/semaforo/install.log --single-version-externally-managed
[2.834s] running egg_info
[2.835s] writing ../../../build/semaforo/semaforo.egg-info/PKG-INFO
[2.835s] writing dependency_links to ../../../build/semaforo/semaforo.egg-info/dependency_links.txt
[2.835s] writing entry points to ../../../build/semaforo/semaforo.egg-info/entry_points.txt
[2.835s] writing requirements to ../../../build/semaforo/semaforo.egg-info/requires.txt
[2.835s] writing top-level names to ../../../build/semaforo/semaforo.egg-info/top_level.txt
[2.838s] reading manifest file '../../../build/semaforo/semaforo.egg-info/SOURCES.txt'
[2.845s] adding license file 'LICENSE'
[2.845s] writing manifest file '../../../build/semaforo/semaforo.egg-info/SOURCES.txt'
[2.845s] running build
[2.845s] running build_py
[2.846s] copying semaforo/subscriber_member_function.py -> /home/nap/Desktop/ros_git/ROS_msg/build/semaforo/build/lib/semaforo
[2.846s] copying semaforo/publisher_member_function.py -> /home/nap/Desktop/ros_git/ROS_msg/build/semaforo/build/lib/semaforo
[2.847s] running install
[2.847s] /usr/lib/python3/dist-packages/setuptools/command/install.py:34: SetuptoolsDeprecationWarning: setup.py install is deprecated. Use build and pip and other standards-based tools.
[2.847s]   warnings.warn(
[2.847s] running install_lib
[2.849s] copying /home/nap/Desktop/ros_git/ROS_msg/build/semaforo/build/lib/semaforo/subscriber_member_function.py -> /home/nap/Desktop/ros_git/ROS_msg/install/semaforo/lib/python3.10/site-packages/semaforo
[2.849s] copying /home/nap/Desktop/ros_git/ROS_msg/build/semaforo/build/lib/semaforo/publisher_member_function.py -> /home/nap/Desktop/ros_git/ROS_msg/install/semaforo/lib/python3.10/site-packages/semaforo
[2.852s] byte-compiling /home/nap/Desktop/ros_git/ROS_msg/install/semaforo/lib/python3.10/site-packages/semaforo/subscriber_member_function.py to subscriber_member_function.cpython-310.pyc
[2.852s] byte-compiling /home/nap/Desktop/ros_git/ROS_msg/install/semaforo/lib/python3.10/site-packages/semaforo/publisher_member_function.py to publisher_member_function.cpython-310.pyc
[2.853s] running install_data
[2.854s] running install_egg_info
[2.857s] removing '/home/nap/Desktop/ros_git/ROS_msg/install/semaforo/lib/python3.10/site-packages/semaforo-0.0.0-py3.10.egg-info' (and everything under it)
[2.858s] Copying ../../../build/semaforo/semaforo.egg-info to /home/nap/Desktop/ros_git/ROS_msg/install/semaforo/lib/python3.10/site-packages/semaforo-0.0.0-py3.10.egg-info
[2.858s] running install_scripts
[2.893s] Installing signals script to /home/nap/Desktop/ros_git/ROS_msg/install/semaforo/lib/semaforo
[2.893s] writing list of installed files to '/home/nap/Desktop/ros_git/ROS_msg/build/semaforo/install.log'
[2.928s] Invoked command in '/home/nap/Desktop/ros_git/ROS_msg/ROS_TEST/src/semaforo' returned '0': PYTHONPATH=/home/nap/Desktop/ros_git/ROS_msg/build/semaforo/prefix_override:/home/nap/Desktop/ros_git/ROS_msg/install/semaforo/lib/python3.10/site-packages:${PYTHONPATH} /usr/bin/python3 setup.py egg_info --egg-base ../../../build/semaforo build --build-base /home/nap/Desktop/ros_git/ROS_msg/build/semaforo/build install --record /home/nap/Desktop/ros_git/ROS_msg/build/semaforo/install.log --single-version-externally-managed
