[3.289s] Invoking command in '/home/aoki/Desktop/ROS_msg/ROS_TEST/src/planning': PYTHONPATH=/home/aoki/Desktop/ROS_msg/build/planning/prefix_override:/home/aoki/Desktop/ROS_msg/install/planning/lib/python3.10/site-packages:${PYTHONPATH} /usr/bin/python3 setup.py egg_info --egg-base ../../../build/planning build --build-base /home/aoki/Desktop/ROS_msg/build/planning/build install --record /home/aoki/Desktop/ROS_msg/build/planning/install.log --single-version-externally-managed
[3.967s] running egg_info
[3.968s] writing ../../../build/planning/planning.egg-info/PKG-INFO
[3.981s] writing dependency_links to ../../../build/planning/planning.egg-info/dependency_links.txt
[3.993s] writing entry points to ../../../build/planning/planning.egg-info/entry_points.txt
[4.005s] writing requirements to ../../../build/planning/planning.egg-info/requires.txt
[4.018s] writing top-level names to ../../../build/planning/planning.egg-info/top_level.txt
[4.035s] reading manifest file '../../../build/planning/planning.egg-info/SOURCES.txt'
[4.035s] adding license file 'LICENSE'
[4.037s] writing manifest file '../../../build/planning/planning.egg-info/SOURCES.txt'
[4.049s] running build
[4.049s] running build_py
[4.051s] running install
[4.051s] /usr/lib/python3/dist-packages/setuptools/command/install.py:34: SetuptoolsDeprecationWarning: setup.py install is deprecated. Use build and pip and other standards-based tools.
[4.051s]   warnings.warn(
[4.052s] running install_lib
[4.055s] running install_data
[4.056s] running install_egg_info
[4.059s] removing '/home/aoki/Desktop/ROS_msg/install/planning/lib/python3.10/site-packages/planning-0.0.0-py3.10.egg-info' (and everything under it)
[4.060s] Copying ../../../build/planning/planning.egg-info to /home/aoki/Desktop/ROS_msg/install/planning/lib/python3.10/site-packages/planning-0.0.0-py3.10.egg-info
[4.061s] running install_scripts
[4.106s] writing list of installed files to '/home/aoki/Desktop/ROS_msg/build/planning/install.log'
[4.203s] Invoked command in '/home/aoki/Desktop/ROS_msg/ROS_TEST/src/planning' returned '0': PYTHONPATH=/home/aoki/Desktop/ROS_msg/build/planning/prefix_override:/home/aoki/Desktop/ROS_msg/install/planning/lib/python3.10/site-packages:${PYTHONPATH} /usr/bin/python3 setup.py egg_info --egg-base ../../../build/planning build --build-base /home/aoki/Desktop/ROS_msg/build/planning/build install --record /home/aoki/Desktop/ROS_msg/build/planning/install.log --single-version-externally-managed
