[1.490s] Invoking command in '/home/aoki/Desktop/ROS_msg/ROS_TEST/src/semaforo': PYTHONPATH=/home/aoki/Desktop/ROS_msg/build/semaforo/prefix_override:/home/aoki/Desktop/ROS_msg/install/semaforo/lib/python3.10/site-packages:${PYTHONPATH} /usr/bin/python3 setup.py egg_info --egg-base ../../../build/semaforo build --build-base /home/aoki/Desktop/ROS_msg/build/semaforo/build install --record /home/aoki/Desktop/ROS_msg/build/semaforo/install.log --single-version-externally-managed
[1.725s] running egg_info
[1.726s] creating ../../../build/semaforo/semaforo.egg-info
[1.726s] writing ../../../build/semaforo/semaforo.egg-info/PKG-INFO
[1.727s] writing dependency_links to ../../../build/semaforo/semaforo.egg-info/dependency_links.txt
[1.727s] writing entry points to ../../../build/semaforo/semaforo.egg-info/entry_points.txt
[1.727s] writing requirements to ../../../build/semaforo/semaforo.egg-info/requires.txt
[1.727s] writing top-level names to ../../../build/semaforo/semaforo.egg-info/top_level.txt
[1.727s] writing manifest file '../../../build/semaforo/semaforo.egg-info/SOURCES.txt'
[1.729s] reading manifest file '../../../build/semaforo/semaforo.egg-info/SOURCES.txt'
[1.729s] adding license file 'LICENSE'
[1.730s] writing manifest file '../../../build/semaforo/semaforo.egg-info/SOURCES.txt'
[1.735s] running build
[1.735s] running build_py
[1.735s] creating /home/aoki/Desktop/ROS_msg/build/semaforo/build
[1.736s] creating /home/aoki/Desktop/ROS_msg/build/semaforo/build/lib
[1.736s] creating /home/aoki/Desktop/ROS_msg/build/semaforo/build/lib/semaforo
[1.736s] copying semaforo/publisher_member_function.py -> /home/aoki/Desktop/ROS_msg/build/semaforo/build/lib/semaforo
[1.736s] copying semaforo/__init__.py -> /home/aoki/Desktop/ROS_msg/build/semaforo/build/lib/semaforo
[1.737s] /usr/lib/python3/dist-packages/setuptools/command/install.py:34: SetuptoolsDeprecationWarning: setup.py install is deprecated. Use build and pip and other standards-based tools.
[1.737s]   warnings.warn(
[1.737s] running install
[1.737s] running install_lib
[1.737s] creating /home/aoki/Desktop/ROS_msg/install/semaforo/lib/python3.10/site-packages/semaforo
[1.737s] copying /home/aoki/Desktop/ROS_msg/build/semaforo/build/lib/semaforo/publisher_member_function.py -> /home/aoki/Desktop/ROS_msg/install/semaforo/lib/python3.10/site-packages/semaforo
[1.738s] copying /home/aoki/Desktop/ROS_msg/build/semaforo/build/lib/semaforo/__init__.py -> /home/aoki/Desktop/ROS_msg/install/semaforo/lib/python3.10/site-packages/semaforo
[1.738s] byte-compiling /home/aoki/Desktop/ROS_msg/install/semaforo/lib/python3.10/site-packages/semaforo/publisher_member_function.py to publisher_member_function.cpython-310.pyc
[1.738s]   File "/home/aoki/Desktop/ROS_msg/install/semaforo/lib/python3.10/site-packages/semaforo/publisher_member_function.py", line 38
[1.738s]     msg.
[1.738s]         ^
[1.738s] SyntaxError: invalid syntax
[1.739s] 
[1.739s] byte-compiling /home/aoki/Desktop/ROS_msg/install/semaforo/lib/python3.10/site-packages/semaforo/__init__.py to __init__.cpython-310.pyc
[1.739s] running install_data
[1.739s] creating /home/aoki/Desktop/ROS_msg/install/semaforo/share/ament_index
[1.739s] creating /home/aoki/Desktop/ROS_msg/install/semaforo/share/ament_index/resource_index
[1.739s] creating /home/aoki/Desktop/ROS_msg/install/semaforo/share/ament_index/resource_index/packages
[1.739s] copying resource/semaforo -> /home/aoki/Desktop/ROS_msg/install/semaforo/share/ament_index/resource_index/packages
[1.740s] copying package.xml -> /home/aoki/Desktop/ROS_msg/install/semaforo/share/semaforo
[1.740s] running install_egg_info
[1.741s] Copying ../../../build/semaforo/semaforo.egg-info to /home/aoki/Desktop/ROS_msg/install/semaforo/lib/python3.10/site-packages/semaforo-0.0.0-py3.10.egg-info
[1.742s] running install_scripts
[1.760s] writing list of installed files to '/home/aoki/Desktop/ROS_msg/build/semaforo/install.log'
[1.882s] Invoked command in '/home/aoki/Desktop/ROS_msg/ROS_TEST/src/semaforo' returned '0': PYTHONPATH=/home/aoki/Desktop/ROS_msg/build/semaforo/prefix_override:/home/aoki/Desktop/ROS_msg/install/semaforo/lib/python3.10/site-packages:${PYTHONPATH} /usr/bin/python3 setup.py egg_info --egg-base ../../../build/semaforo build --build-base /home/aoki/Desktop/ROS_msg/build/semaforo/build install --record /home/aoki/Desktop/ROS_msg/build/semaforo/install.log --single-version-externally-managed
