[3.675s] DEBUG:colcon:Command line arguments: ['/usr/bin/colcon', 'build']
[3.675s] DEBUG:colcon:Parsed command line arguments: Namespace(log_base=None, log_level=None, verb_name='build', build_base='build', install_base='install', merge_install=False, symlink_install=False, test_result_base=None, continue_on_error=False, executor='parallel', parallel_workers=16, event_handlers=None, ignore_user_meta=False, metas=['./colcon.meta'], base_paths=['.'], packages_ignore=None, packages_ignore_regex=None, paths=None, packages_up_to=None, packages_up_to_regex=None, packages_above=None, packages_above_and_dependencies=None, packages_above_depth=None, packages_select_by_dep=None, packages_skip_by_dep=None, packages_skip_up_to=None, packages_select_build_failed=False, packages_skip_build_finished=False, packages_select_test_failures=False, packages_skip_test_passed=False, packages_select=None, packages_skip=None, packages_select_regex=None, packages_skip_regex=None, packages_start=None, packages_end=None, allow_overriding=[], cmake_args=None, cmake_target=None, cmake_target_skip_unavailable=False, cmake_clean_cache=False, cmake_clean_first=False, cmake_force_configure=False, ament_cmake_args=None, catkin_cmake_args=None, catkin_skip_building_tests=False, mixin_files=None, mixin=None, verb_parser=<colcon_mixin.mixin.mixin_argument.MixinArgumentDecorator object at 0x7fedf6585c30>, verb_extension=<colcon_core.verb.build.BuildVerb object at 0x7fedf65883d0>, main=<bound method BuildVerb.main of <colcon_core.verb.build.BuildVerb object at 0x7fedf65883d0>>, mixin_verb=('build',))
[3.819s] Level 1:colcon.colcon_core.package_discovery:discover_packages(colcon_meta) check parameters
[3.820s] Level 1:colcon.colcon_core.package_discovery:discover_packages(recursive) check parameters
[3.820s] Level 1:colcon.colcon_core.package_discovery:discover_packages(ignore) check parameters
[3.820s] Level 1:colcon.colcon_core.package_discovery:discover_packages(path) check parameters
[3.820s] Level 1:colcon.colcon_core.package_discovery:discover_packages(colcon_meta) discover
[3.820s] Level 1:colcon.colcon_core.package_discovery:discover_packages(recursive) discover
[3.820s] INFO:colcon.colcon_core.package_discovery:Crawling recursively for packages in '/home/aoki/Desktop/ROS_msg'
[3.820s] Level 1:colcon.colcon_core.package_identification:_identify(.) by extensions ['ignore', 'ignore_ament_install']
[3.821s] Level 1:colcon.colcon_core.package_identification:_identify(.) by extension 'ignore'
[3.821s] Level 1:colcon.colcon_core.package_identification:_identify(.) by extension 'ignore_ament_install'
[3.821s] Level 1:colcon.colcon_core.package_identification:_identify(.) by extensions ['colcon_pkg']
[3.821s] Level 1:colcon.colcon_core.package_identification:_identify(.) by extension 'colcon_pkg'
[3.821s] Level 1:colcon.colcon_core.package_identification:_identify(.) by extensions ['colcon_meta']
[3.821s] Level 1:colcon.colcon_core.package_identification:_identify(.) by extension 'colcon_meta'
[3.822s] Level 1:colcon.colcon_core.package_identification:_identify(.) by extensions ['ros']
[3.822s] Level 1:colcon.colcon_core.package_identification:_identify(.) by extension 'ros'
[3.856s] Level 1:colcon.colcon_core.package_identification:_identify(.) by extensions ['cmake', 'python']
[3.857s] Level 1:colcon.colcon_core.package_identification:_identify(.) by extension 'cmake'
[3.857s] Level 1:colcon.colcon_core.package_identification:_identify(.) by extension 'python'
[3.857s] Level 1:colcon.colcon_core.package_identification:_identify(.) by extensions ['python_setup_py']
[3.857s] Level 1:colcon.colcon_core.package_identification:_identify(.) by extension 'python_setup_py'
[3.857s] Level 1:colcon.colcon_core.package_identification:_identify(ROS_TEST) by extensions ['ignore', 'ignore_ament_install']
[3.858s] Level 1:colcon.colcon_core.package_identification:_identify(ROS_TEST) by extension 'ignore'
[3.858s] Level 1:colcon.colcon_core.package_identification:_identify(ROS_TEST) by extension 'ignore_ament_install'
[3.858s] Level 1:colcon.colcon_core.package_identification:_identify(ROS_TEST) by extensions ['colcon_pkg']
[3.858s] Level 1:colcon.colcon_core.package_identification:_identify(ROS_TEST) by extension 'colcon_pkg'
[3.858s] Level 1:colcon.colcon_core.package_identification:_identify(ROS_TEST) by extensions ['colcon_meta']
[3.858s] Level 1:colcon.colcon_core.package_identification:_identify(ROS_TEST) by extension 'colcon_meta'
[3.859s] Level 1:colcon.colcon_core.package_identification:_identify(ROS_TEST) by extensions ['ros']
[3.859s] Level 1:colcon.colcon_core.package_identification:_identify(ROS_TEST) by extension 'ros'
[3.859s] Level 1:colcon.colcon_core.package_identification:_identify(ROS_TEST) by extensions ['cmake', 'python']
[3.859s] Level 1:colcon.colcon_core.package_identification:_identify(ROS_TEST) by extension 'cmake'
[3.859s] Level 1:colcon.colcon_core.package_identification:_identify(ROS_TEST) by extension 'python'
[3.859s] Level 1:colcon.colcon_core.package_identification:_identify(ROS_TEST) by extensions ['python_setup_py']
[3.859s] Level 1:colcon.colcon_core.package_identification:_identify(ROS_TEST) by extension 'python_setup_py'
[3.860s] Level 1:colcon.colcon_core.package_identification:_identify(ROS_TEST/build) by extensions ['ignore', 'ignore_ament_install']
[3.860s] Level 1:colcon.colcon_core.package_identification:_identify(ROS_TEST/build) by extension 'ignore'
[3.860s] Level 1:colcon.colcon_core.package_identification:_identify(ROS_TEST/build) ignored
[3.860s] Level 1:colcon.colcon_core.package_identification:_identify(ROS_TEST/install) by extensions ['ignore', 'ignore_ament_install']
[3.861s] Level 1:colcon.colcon_core.package_identification:_identify(ROS_TEST/install) by extension 'ignore'
[3.861s] Level 1:colcon.colcon_core.package_identification:_identify(ROS_TEST/install) ignored
[3.861s] Level 1:colcon.colcon_core.package_identification:_identify(ROS_TEST/log) by extensions ['ignore', 'ignore_ament_install']
[3.861s] Level 1:colcon.colcon_core.package_identification:_identify(ROS_TEST/log) by extension 'ignore'
[3.862s] Level 1:colcon.colcon_core.package_identification:_identify(ROS_TEST/log) ignored
[3.862s] Level 1:colcon.colcon_core.package_identification:_identify(ROS_TEST/src) by extensions ['ignore', 'ignore_ament_install']
[3.862s] Level 1:colcon.colcon_core.package_identification:_identify(ROS_TEST/src) by extension 'ignore'
[3.862s] Level 1:colcon.colcon_core.package_identification:_identify(ROS_TEST/src) by extension 'ignore_ament_install'
[3.862s] Level 1:colcon.colcon_core.package_identification:_identify(ROS_TEST/src) by extensions ['colcon_pkg']
[3.863s] Level 1:colcon.colcon_core.package_identification:_identify(ROS_TEST/src) by extension 'colcon_pkg'
[3.863s] Level 1:colcon.colcon_core.package_identification:_identify(ROS_TEST/src) by extensions ['colcon_meta']
[3.863s] Level 1:colcon.colcon_core.package_identification:_identify(ROS_TEST/src) by extension 'colcon_meta'
[3.863s] Level 1:colcon.colcon_core.package_identification:_identify(ROS_TEST/src) by extensions ['ros']
[3.863s] Level 1:colcon.colcon_core.package_identification:_identify(ROS_TEST/src) by extension 'ros'
[3.863s] Level 1:colcon.colcon_core.package_identification:_identify(ROS_TEST/src) by extensions ['cmake', 'python']
[3.863s] Level 1:colcon.colcon_core.package_identification:_identify(ROS_TEST/src) by extension 'cmake'
[3.863s] Level 1:colcon.colcon_core.package_identification:_identify(ROS_TEST/src) by extension 'python'
[3.864s] Level 1:colcon.colcon_core.package_identification:_identify(ROS_TEST/src) by extensions ['python_setup_py']
[3.864s] Level 1:colcon.colcon_core.package_identification:_identify(ROS_TEST/src) by extension 'python_setup_py'
[3.864s] Level 1:colcon.colcon_core.package_identification:_identify(ROS_TEST/src/planning) by extensions ['ignore', 'ignore_ament_install']
[3.864s] Level 1:colcon.colcon_core.package_identification:_identify(ROS_TEST/src/planning) by extension 'ignore'
[3.864s] Level 1:colcon.colcon_core.package_identification:_identify(ROS_TEST/src/planning) by extension 'ignore_ament_install'
[3.864s] Level 1:colcon.colcon_core.package_identification:_identify(ROS_TEST/src/planning) by extensions ['colcon_pkg']
[3.865s] Level 1:colcon.colcon_core.package_identification:_identify(ROS_TEST/src/planning) by extension 'colcon_pkg'
[3.865s] Level 1:colcon.colcon_core.package_identification:_identify(ROS_TEST/src/planning) by extensions ['colcon_meta']
[3.865s] Level 1:colcon.colcon_core.package_identification:_identify(ROS_TEST/src/planning) by extension 'colcon_meta'
[3.865s] Level 1:colcon.colcon_core.package_identification:_identify(ROS_TEST/src/planning) by extensions ['ros']
[3.865s] Level 1:colcon.colcon_core.package_identification:_identify(ROS_TEST/src/planning) by extension 'ros'
[3.871s] DEBUG:colcon.colcon_core.package_identification:Package 'ROS_TEST/src/planning' with type 'ros.ament_python' and name 'planning'
[3.872s] Level 1:colcon.colcon_core.package_identification:_identify(ROS_TEST/src/ros_test) by extensions ['ignore', 'ignore_ament_install']
[3.872s] Level 1:colcon.colcon_core.package_identification:_identify(ROS_TEST/src/ros_test) by extension 'ignore'
[3.872s] Level 1:colcon.colcon_core.package_identification:_identify(ROS_TEST/src/ros_test) by extension 'ignore_ament_install'
[3.872s] Level 1:colcon.colcon_core.package_identification:_identify(ROS_TEST/src/ros_test) by extensions ['colcon_pkg']
[3.872s] Level 1:colcon.colcon_core.package_identification:_identify(ROS_TEST/src/ros_test) by extension 'colcon_pkg'
[3.872s] Level 1:colcon.colcon_core.package_identification:_identify(ROS_TEST/src/ros_test) by extensions ['colcon_meta']
[3.873s] Level 1:colcon.colcon_core.package_identification:_identify(ROS_TEST/src/ros_test) by extension 'colcon_meta'
[3.873s] Level 1:colcon.colcon_core.package_identification:_identify(ROS_TEST/src/ros_test) by extensions ['ros']
[3.873s] Level 1:colcon.colcon_core.package_identification:_identify(ROS_TEST/src/ros_test) by extension 'ros'
[3.875s] DEBUG:colcon.colcon_core.package_identification:Package 'ROS_TEST/src/ros_test' with type 'ros.ament_python' and name 'ros_test'
[3.876s] Level 1:colcon.colcon_core.package_identification:_identify(build) by extensions ['ignore', 'ignore_ament_install']
[3.876s] Level 1:colcon.colcon_core.package_identification:_identify(build) by extension 'ignore'
[3.877s] Level 1:colcon.colcon_core.package_identification:_identify(build) ignored
[3.877s] Level 1:colcon.colcon_core.package_identification:_identify(install) by extensions ['ignore', 'ignore_ament_install']
[3.877s] Level 1:colcon.colcon_core.package_identification:_identify(install) by extension 'ignore'
[3.877s] Level 1:colcon.colcon_core.package_identification:_identify(install) ignored
[3.878s] Level 1:colcon.colcon_core.package_identification:_identify(log) by extensions ['ignore', 'ignore_ament_install']
[3.878s] Level 1:colcon.colcon_core.package_identification:_identify(log) by extension 'ignore'
[3.878s] Level 1:colcon.colcon_core.package_identification:_identify(log) ignored
[3.878s] Level 1:colcon.colcon_core.package_discovery:discover_packages(recursive) using defaults
[3.879s] Level 1:colcon.colcon_core.package_discovery:discover_packages(ignore) discover
[3.879s] Level 1:colcon.colcon_core.package_discovery:discover_packages(ignore) using defaults
[3.879s] Level 1:colcon.colcon_core.package_discovery:discover_packages(path) discover
[3.879s] Level 1:colcon.colcon_core.package_discovery:discover_packages(path) using defaults
[4.167s] Level 1:colcon.colcon_core.package_discovery:discover_packages(prefix_path) check parameters
[4.168s] Level 1:colcon.colcon_core.package_discovery:discover_packages(prefix_path) discover
[4.266s] DEBUG:colcon.colcon_installed_package_information.package_discovery:Found 3 installed packages in /home/aoki/Desktop/ROS_msg/install
[4.320s] DEBUG:colcon.colcon_installed_package_information.package_discovery:Found 332 installed packages in /opt/ros/humble
[4.324s] Level 1:colcon.colcon_core.package_discovery:discover_packages(prefix_path) using defaults
[4.621s] Level 5:colcon.colcon_core.verb:set package 'planning' build argument 'cmake_args' from command line to 'None'
[4.621s] Level 5:colcon.colcon_core.verb:set package 'planning' build argument 'cmake_target' from command line to 'None'
[4.622s] Level 5:colcon.colcon_core.verb:set package 'planning' build argument 'cmake_target_skip_unavailable' from command line to 'False'
[4.622s] Level 5:colcon.colcon_core.verb:set package 'planning' build argument 'cmake_clean_cache' from command line to 'False'
[4.622s] Level 5:colcon.colcon_core.verb:set package 'planning' build argument 'cmake_clean_first' from command line to 'False'
[4.622s] Level 5:colcon.colcon_core.verb:set package 'planning' build argument 'cmake_force_configure' from command line to 'False'
[4.622s] Level 5:colcon.colcon_core.verb:set package 'planning' build argument 'ament_cmake_args' from command line to 'None'
[4.622s] Level 5:colcon.colcon_core.verb:set package 'planning' build argument 'catkin_cmake_args' from command line to 'None'
[4.622s] Level 5:colcon.colcon_core.verb:set package 'planning' build argument 'catkin_skip_building_tests' from command line to 'False'
[4.622s] DEBUG:colcon.colcon_core.verb:Building package 'planning' with the following arguments: {'ament_cmake_args': None, 'build_base': '/home/aoki/Desktop/ROS_msg/build/planning', 'catkin_cmake_args': None, 'catkin_skip_building_tests': False, 'cmake_args': None, 'cmake_clean_cache': False, 'cmake_clean_first': False, 'cmake_force_configure': False, 'cmake_target': None, 'cmake_target_skip_unavailable': False, 'install_base': '/home/aoki/Desktop/ROS_msg/install/planning', 'merge_install': False, 'path': '/home/aoki/Desktop/ROS_msg/ROS_TEST/src/planning', 'symlink_install': False, 'test_result_base': None}
[4.672s] Level 5:colcon.colcon_core.verb:set package 'ros_test' build argument 'cmake_args' from command line to 'None'
[4.673s] Level 5:colcon.colcon_core.verb:set package 'ros_test' build argument 'cmake_target' from command line to 'None'
[4.673s] Level 5:colcon.colcon_core.verb:set package 'ros_test' build argument 'cmake_target_skip_unavailable' from command line to 'False'
[4.673s] Level 5:colcon.colcon_core.verb:set package 'ros_test' build argument 'cmake_clean_cache' from command line to 'False'
[4.673s] Level 5:colcon.colcon_core.verb:set package 'ros_test' build argument 'cmake_clean_first' from command line to 'False'
[4.673s] Level 5:colcon.colcon_core.verb:set package 'ros_test' build argument 'cmake_force_configure' from command line to 'False'
[4.673s] Level 5:colcon.colcon_core.verb:set package 'ros_test' build argument 'ament_cmake_args' from command line to 'None'
[4.673s] Level 5:colcon.colcon_core.verb:set package 'ros_test' build argument 'catkin_cmake_args' from command line to 'None'
[4.673s] Level 5:colcon.colcon_core.verb:set package 'ros_test' build argument 'catkin_skip_building_tests' from command line to 'False'
[4.673s] DEBUG:colcon.colcon_core.verb:Building package 'ros_test' with the following arguments: {'ament_cmake_args': None, 'build_base': '/home/aoki/Desktop/ROS_msg/build/ros_test', 'catkin_cmake_args': None, 'catkin_skip_building_tests': False, 'cmake_args': None, 'cmake_clean_cache': False, 'cmake_clean_first': False, 'cmake_force_configure': False, 'cmake_target': None, 'cmake_target_skip_unavailable': False, 'install_base': '/home/aoki/Desktop/ROS_msg/install/ros_test', 'merge_install': False, 'path': '/home/aoki/Desktop/ROS_msg/ROS_TEST/src/ros_test', 'symlink_install': False, 'test_result_base': None}
[4.718s] INFO:colcon.colcon_core.executor:Executing jobs using 'parallel' executor
[4.781s] DEBUG:colcon.colcon_parallel_executor.executor.parallel:run_until_complete
[4.782s] INFO:colcon.colcon_ros.task.ament_python.build:Building ROS package in '/home/aoki/Desktop/ROS_msg/ROS_TEST/src/planning' with build type 'ament_python'
[4.782s] Level 1:colcon.colcon_core.shell:create_environment_hook('planning', 'ament_prefix_path')
[4.844s] INFO:colcon.colcon_core.plugin_system:Skipping extension 'colcon_core.shell.bat': Not used on non-Windows systems
[4.844s] INFO:colcon.colcon_core.shell:Creating environment hook '/home/aoki/Desktop/ROS_msg/install/planning/share/planning/hook/ament_prefix_path.ps1'
[4.859s] INFO:colcon.colcon_core.shell:Creating environment descriptor '/home/aoki/Desktop/ROS_msg/install/planning/share/planning/hook/ament_prefix_path.dsv'
[4.873s] INFO:colcon.colcon_core.shell:Creating environment hook '/home/aoki/Desktop/ROS_msg/install/planning/share/planning/hook/ament_prefix_path.sh'
[4.940s] INFO:colcon.colcon_core.shell:Skip shell extension 'powershell' for command environment: Not usable outside of PowerShell
[4.940s] DEBUG:colcon.colcon_core.shell:Skip shell extension 'dsv' for command environment
[5.148s] INFO:colcon.colcon_ros.task.ament_python.build:Building ROS package in '/home/aoki/Desktop/ROS_msg/ROS_TEST/src/ros_test' with build type 'ament_python'
[5.149s] Level 1:colcon.colcon_core.shell:create_environment_hook('ros_test', 'ament_prefix_path')
[5.204s] INFO:colcon.colcon_core.shell:Creating environment hook '/home/aoki/Desktop/ROS_msg/install/ros_test/share/ros_test/hook/ament_prefix_path.ps1'
[5.221s] INFO:colcon.colcon_core.shell:Creating environment descriptor '/home/aoki/Desktop/ROS_msg/install/ros_test/share/ros_test/hook/ament_prefix_path.dsv'
[5.238s] INFO:colcon.colcon_core.shell:Creating environment hook '/home/aoki/Desktop/ROS_msg/install/ros_test/share/ros_test/hook/ament_prefix_path.sh'
[5.300s] INFO:colcon.colcon_core.shell:Skip shell extension 'powershell' for command environment: Not usable outside of PowerShell
[5.300s] DEBUG:colcon.colcon_core.shell:Skip shell extension 'dsv' for command environment
[6.167s] INFO:colcon.colcon_core.task.python.build:Building Python package in '/home/aoki/Desktop/ROS_msg/ROS_TEST/src/planning'
[6.209s] INFO:colcon.colcon_core.shell:Skip shell extension 'powershell' for command environment: Not usable outside of PowerShell
[6.209s] DEBUG:colcon.colcon_core.shell:Skip shell extension 'dsv' for command environment
[7.082s] INFO:colcon.colcon_core.task.python.build:Building Python package in '/home/aoki/Desktop/ROS_msg/ROS_TEST/src/ros_test'
[7.131s] INFO:colcon.colcon_core.shell:Skip shell extension 'powershell' for command environment: Not usable outside of PowerShell
[7.132s] DEBUG:colcon.colcon_core.shell:Skip shell extension 'dsv' for command environment
[8.271s] DEBUG:colcon.colcon_core.event_handler.log_command:Invoking command in '/home/aoki/Desktop/ROS_msg/ROS_TEST/src/planning': PYTHONPATH=/home/aoki/Desktop/ROS_msg/build/planning/prefix_override:/home/aoki/Desktop/ROS_msg/install/planning/lib/python3.10/site-packages:${PYTHONPATH} /usr/bin/python3 setup.py egg_info --egg-base ../../../build/planning build --build-base /home/aoki/Desktop/ROS_msg/build/planning/build install --record /home/aoki/Desktop/ROS_msg/build/planning/install.log --single-version-externally-managed
[8.313s] DEBUG:colcon.colcon_core.event_handler.log_command:Invoking command in '/home/aoki/Desktop/ROS_msg/ROS_TEST/src/ros_test': PYTHONPATH=/home/aoki/Desktop/ROS_msg/build/ros_test/prefix_override:/home/aoki/Desktop/ROS_msg/install/ros_test/lib/python3.10/site-packages:${PYTHONPATH} /usr/bin/python3 setup.py egg_info --egg-base ../../../build/ros_test build --build-base /home/aoki/Desktop/ROS_msg/build/ros_test/build install --record /home/aoki/Desktop/ROS_msg/build/ros_test/install.log --single-version-externally-managed
[9.130s] DEBUG:colcon.colcon_core.event_handler.log_command:Invoked command in '/home/aoki/Desktop/ROS_msg/ROS_TEST/src/ros_test' returned '0': PYTHONPATH=/home/aoki/Desktop/ROS_msg/build/ros_test/prefix_override:/home/aoki/Desktop/ROS_msg/install/ros_test/lib/python3.10/site-packages:${PYTHONPATH} /usr/bin/python3 setup.py egg_info --egg-base ../../../build/ros_test build --build-base /home/aoki/Desktop/ROS_msg/build/ros_test/build install --record /home/aoki/Desktop/ROS_msg/build/ros_test/install.log --single-version-externally-managed
[9.175s] Level 1:colcon.colcon_core.environment:checking '/home/aoki/Desktop/ROS_msg/install/ros_test' for CMake module files
[9.176s] Level 1:colcon.colcon_core.environment:checking '/home/aoki/Desktop/ROS_msg/install/ros_test' for CMake config files
[9.178s] Level 1:colcon.colcon_core.environment:checking '/home/aoki/Desktop/ROS_msg/install/ros_test/lib'
[9.178s] Level 1:colcon.colcon_core.environment:checking '/home/aoki/Desktop/ROS_msg/install/ros_test/bin'
[9.178s] Level 1:colcon.colcon_core.environment:checking '/home/aoki/Desktop/ROS_msg/install/ros_test/lib/pkgconfig/ros_test.pc'
[9.178s] Level 1:colcon.colcon_core.environment:checking '/home/aoki/Desktop/ROS_msg/install/ros_test/lib/python3.10/site-packages'
[9.179s] Level 1:colcon.colcon_core.shell:create_environment_hook('ros_test', 'pythonpath')
[9.230s] INFO:colcon.colcon_core.shell:Creating environment hook '/home/aoki/Desktop/ROS_msg/install/ros_test/share/ros_test/hook/pythonpath.ps1'
[9.243s] INFO:colcon.colcon_core.shell:Creating environment descriptor '/home/aoki/Desktop/ROS_msg/install/ros_test/share/ros_test/hook/pythonpath.dsv'
[9.255s] INFO:colcon.colcon_core.shell:Creating environment hook '/home/aoki/Desktop/ROS_msg/install/ros_test/share/ros_test/hook/pythonpath.sh'
[9.268s] Level 1:colcon.colcon_core.environment:checking '/home/aoki/Desktop/ROS_msg/install/ros_test/bin'
[9.268s] Level 1:colcon.colcon_core.environment:create_environment_scripts_only(ros_test)
[9.306s] INFO:colcon.colcon_core.shell:Creating package script '/home/aoki/Desktop/ROS_msg/install/ros_test/share/ros_test/package.ps1'
[9.321s] INFO:colcon.colcon_core.shell:Creating package descriptor '/home/aoki/Desktop/ROS_msg/install/ros_test/share/ros_test/package.dsv'
[9.336s] INFO:colcon.colcon_core.shell:Creating package script '/home/aoki/Desktop/ROS_msg/install/ros_test/share/ros_test/package.sh'
[9.351s] INFO:colcon.colcon_core.shell:Creating package script '/home/aoki/Desktop/ROS_msg/install/ros_test/share/ros_test/package.bash'
[9.367s] INFO:colcon.colcon_core.shell:Creating package script '/home/aoki/Desktop/ROS_msg/install/ros_test/share/ros_test/package.zsh'
[9.383s] Level 1:colcon.colcon_core.environment:create_file_with_runtime_dependencies(/home/aoki/Desktop/ROS_msg/install/ros_test/share/colcon-core/packages/ros_test)
[9.418s] DEBUG:colcon.colcon_core.event_handler.log_command:Invoked command in '/home/aoki/Desktop/ROS_msg/ROS_TEST/src/planning' returned '0': PYTHONPATH=/home/aoki/Desktop/ROS_msg/build/planning/prefix_override:/home/aoki/Desktop/ROS_msg/install/planning/lib/python3.10/site-packages:${PYTHONPATH} /usr/bin/python3 setup.py egg_info --egg-base ../../../build/planning build --build-base /home/aoki/Desktop/ROS_msg/build/planning/build install --record /home/aoki/Desktop/ROS_msg/build/planning/install.log --single-version-externally-managed
[9.458s] Level 1:colcon.colcon_core.environment:checking '/home/aoki/Desktop/ROS_msg/install/planning' for CMake module files
[9.460s] Level 1:colcon.colcon_core.environment:checking '/home/aoki/Desktop/ROS_msg/install/planning' for CMake config files
[9.463s] Level 1:colcon.colcon_core.environment:checking '/home/aoki/Desktop/ROS_msg/install/planning/lib'
[9.464s] Level 1:colcon.colcon_core.environment:checking '/home/aoki/Desktop/ROS_msg/install/planning/bin'
[9.464s] Level 1:colcon.colcon_core.environment:checking '/home/aoki/Desktop/ROS_msg/install/planning/lib/pkgconfig/planning.pc'
[9.465s] Level 1:colcon.colcon_core.environment:checking '/home/aoki/Desktop/ROS_msg/install/planning/lib/python3.10/site-packages'
[9.466s] Level 1:colcon.colcon_core.shell:create_environment_hook('planning', 'pythonpath')
[9.513s] INFO:colcon.colcon_core.shell:Creating environment hook '/home/aoki/Desktop/ROS_msg/install/planning/share/planning/hook/pythonpath.ps1'
[9.530s] INFO:colcon.colcon_core.shell:Creating environment descriptor '/home/aoki/Desktop/ROS_msg/install/planning/share/planning/hook/pythonpath.dsv'
[9.548s] INFO:colcon.colcon_core.shell:Creating environment hook '/home/aoki/Desktop/ROS_msg/install/planning/share/planning/hook/pythonpath.sh'
[9.566s] Level 1:colcon.colcon_core.environment:checking '/home/aoki/Desktop/ROS_msg/install/planning/bin'
[9.566s] Level 1:colcon.colcon_core.environment:create_environment_scripts_only(planning)
[9.610s] INFO:colcon.colcon_core.shell:Creating package script '/home/aoki/Desktop/ROS_msg/install/planning/share/planning/package.ps1'
[9.623s] INFO:colcon.colcon_core.shell:Creating package descriptor '/home/aoki/Desktop/ROS_msg/install/planning/share/planning/package.dsv'
[9.638s] INFO:colcon.colcon_core.shell:Creating package script '/home/aoki/Desktop/ROS_msg/install/planning/share/planning/package.sh'
[9.654s] INFO:colcon.colcon_core.shell:Creating package script '/home/aoki/Desktop/ROS_msg/install/planning/share/planning/package.bash'
[9.667s] INFO:colcon.colcon_core.shell:Creating package script '/home/aoki/Desktop/ROS_msg/install/planning/share/planning/package.zsh'
[9.681s] Level 1:colcon.colcon_core.environment:create_file_with_runtime_dependencies(/home/aoki/Desktop/ROS_msg/install/planning/share/colcon-core/packages/planning)
[9.682s] DEBUG:colcon.colcon_parallel_executor.executor.parallel:closing loop
[9.682s] DEBUG:colcon.colcon_parallel_executor.executor.parallel:loop closed
[9.683s] DEBUG:colcon.colcon_parallel_executor.executor.parallel:run_until_complete finished with '0'
[9.683s] DEBUG:colcon.colcon_core.event_reactor:joining thread
[9.745s] INFO:colcon.colcon_core.plugin_system:Skipping extension 'colcon_notification.desktop_notification.terminal_notifier': Not used on non-Darwin systems
[9.745s] INFO:colcon.colcon_core.plugin_system:Skipping extension 'colcon_notification.desktop_notification.win32': Not used on non-Windows systems
[9.745s] INFO:colcon.colcon_notification.desktop_notification:Sending desktop notification using 'notify2'
[9.786s] DEBUG:colcon.colcon_core.event_reactor:joined thread
[9.872s] INFO:colcon.colcon_core.shell:Creating prefix script '/home/aoki/Desktop/ROS_msg/install/local_setup.ps1'
[9.875s] INFO:colcon.colcon_core.shell:Creating prefix util module '/home/aoki/Desktop/ROS_msg/install/_local_setup_util_ps1.py'
[9.879s] INFO:colcon.colcon_core.shell:Creating prefix chain script '/home/aoki/Desktop/ROS_msg/install/setup.ps1'
[9.925s] INFO:colcon.colcon_core.shell:Creating prefix script '/home/aoki/Desktop/ROS_msg/install/local_setup.sh'
[9.927s] INFO:colcon.colcon_core.shell:Creating prefix util module '/home/aoki/Desktop/ROS_msg/install/_local_setup_util_sh.py'
[9.928s] INFO:colcon.colcon_core.shell:Creating prefix chain script '/home/aoki/Desktop/ROS_msg/install/setup.sh'
[9.984s] INFO:colcon.colcon_core.shell:Creating prefix script '/home/aoki/Desktop/ROS_msg/install/local_setup.bash'
[9.986s] INFO:colcon.colcon_core.shell:Creating prefix chain script '/home/aoki/Desktop/ROS_msg/install/setup.bash'
[10.036s] INFO:colcon.colcon_core.shell:Creating prefix script '/home/aoki/Desktop/ROS_msg/install/local_setup.zsh'
[10.038s] INFO:colcon.colcon_core.shell:Creating prefix chain script '/home/aoki/Desktop/ROS_msg/install/setup.zsh'
