[4.742s] Invoking command in '/home/aoki/Desktop/ROS_msg/ROS_TEST/src/planning': PYTHONPATH=/home/aoki/Desktop/ROS_msg/build/planning/prefix_override:/home/aoki/Desktop/ROS_msg/install/planning/lib/python3.10/site-packages:${PYTHONPATH} /usr/bin/python3 setup.py egg_info --egg-base ../../../build/planning build --build-base /home/aoki/Desktop/ROS_msg/build/planning/build install --record /home/aoki/Desktop/ROS_msg/build/planning/install.log --single-version-externally-managed
[5.635s] running egg_info
[5.637s] writing ../../../build/planning/planning.egg-info/PKG-INFO
[5.650s] writing dependency_links to ../../../build/planning/planning.egg-info/dependency_links.txt
[5.662s] writing entry points to ../../../build/planning/planning.egg-info/entry_points.txt
[5.672s] writing requirements to ../../../build/planning/planning.egg-info/requires.txt
[5.682s] writing top-level names to ../../../build/planning/planning.egg-info/top_level.txt
[5.699s] reading manifest file '../../../build/planning/planning.egg-info/SOURCES.txt'
[5.700s] adding license file 'LICENSE'
[5.702s] writing manifest file '../../../build/planning/planning.egg-info/SOURCES.txt'
[5.715s] running build
[5.716s] running build_py
[5.716s] copying planning/publisher_member_function.py -> /home/aoki/Desktop/ROS_msg/build/planning/build/lib/planning
[5.716s] running install
[5.717s] /usr/lib/python3/dist-packages/setuptools/command/install.py:34: SetuptoolsDeprecationWarning: setup.py install is deprecated. Use build and pip and other standards-based tools.
[5.717s]   warnings.warn(
[5.718s] running install_lib
[5.720s] copying /home/aoki/Desktop/ROS_msg/build/planning/build/lib/planning/publisher_member_function.py -> /home/aoki/Desktop/ROS_msg/install/planning/lib/python3.10/site-packages/planning
[5.723s] byte-compiling /home/aoki/Desktop/ROS_msg/install/planning/lib/python3.10/site-packages/planning/publisher_member_function.py to publisher_member_function.cpython-310.pyc
[5.737s] running install_data
[5.739s] running install_egg_info
[5.745s] removing '/home/aoki/Desktop/ROS_msg/install/planning/lib/python3.10/site-packages/planning-0.0.0-py3.10.egg-info' (and everything under it)
[5.746s] Copying ../../../build/planning/planning.egg-info to /home/aoki/Desktop/ROS_msg/install/planning/lib/python3.10/site-packages/planning-0.0.0-py3.10.egg-info
[5.749s] running install_scripts
[5.818s] Installing listener script to /home/aoki/Desktop/ROS_msg/install/planning/lib/planning
[5.833s] Installing talker script to /home/aoki/Desktop/ROS_msg/install/planning/lib/planning
[5.849s] writing list of installed files to '/home/aoki/Desktop/ROS_msg/build/planning/install.log'
[6.208s] Invoked command in '/home/aoki/Desktop/ROS_msg/ROS_TEST/src/planning' returned '0': PYTHONPATH=/home/aoki/Desktop/ROS_msg/build/planning/prefix_override:/home/aoki/Desktop/ROS_msg/install/planning/lib/python3.10/site-packages:${PYTHONPATH} /usr/bin/python3 setup.py egg_info --egg-base ../../../build/planning build --build-base /home/aoki/Desktop/ROS_msg/build/planning/build install --record /home/aoki/Desktop/ROS_msg/build/planning/install.log --single-version-externally-managed
