[6.220s] Invoking command in '/home/aoki/Desktop/ROS_msg/ROS_TEST/src/planning': PYTHONPATH=/home/aoki/Desktop/ROS_msg/build/planning/prefix_override:/home/aoki/Desktop/ROS_msg/install/planning/lib/python3.10/site-packages:${PYTHONPATH} /usr/bin/python3 setup.py egg_info --egg-base ../../../build/planning build --build-base /home/aoki/Desktop/ROS_msg/build/planning/build install --record /home/aoki/Desktop/ROS_msg/build/planning/install.log --single-version-externally-managed
[7.348s] running egg_info
[7.349s] writing ../../../build/planning/planning.egg-info/PKG-INFO
[7.364s] writing dependency_links to ../../../build/planning/planning.egg-info/dependency_links.txt
[7.381s] writing entry points to ../../../build/planning/planning.egg-info/entry_points.txt
[7.398s] writing requirements to ../../../build/planning/planning.egg-info/requires.txt
[7.415s] writing top-level names to ../../../build/planning/planning.egg-info/top_level.txt
[7.440s] reading manifest file '../../../build/planning/planning.egg-info/SOURCES.txt'
[7.442s] adding license file 'LICENSE'
[7.445s] writing manifest file '../../../build/planning/planning.egg-info/SOURCES.txt'
[7.461s] running build
[7.461s] running build_py
[7.462s] running install
[7.464s] /usr/lib/python3/dist-packages/setuptools/command/install.py:34: SetuptoolsDeprecationWarning: setup.py install is deprecated. Use build and pip and other standards-based tools.
[7.464s]   warnings.warn(
[7.464s] running install_lib
[7.472s] running install_data
[7.474s] copying package.xml -> /home/aoki/Desktop/ROS_msg/install/planning/share/planning
[7.474s] running install_egg_info
[7.483s] removing '/home/aoki/Desktop/ROS_msg/install/planning/lib/python3.10/site-packages/planning-0.0.0-py3.10.egg-info' (and everything under it)
[7.484s] Copying ../../../build/planning/planning.egg-info to /home/aoki/Desktop/ROS_msg/install/planning/lib/python3.10/site-packages/planning-0.0.0-py3.10.egg-info
[7.489s] running install_scripts
[7.579s] Installing listener script to /home/aoki/Desktop/ROS_msg/install/planning/lib/planning
[7.597s] Installing talker script to /home/aoki/Desktop/ROS_msg/install/planning/lib/planning
[7.615s] writing list of installed files to '/home/aoki/Desktop/ROS_msg/build/planning/install.log'
[7.732s] Invoked command in '/home/aoki/Desktop/ROS_msg/ROS_TEST/src/planning' returned '0': PYTHONPATH=/home/aoki/Desktop/ROS_msg/build/planning/prefix_override:/home/aoki/Desktop/ROS_msg/install/planning/lib/python3.10/site-packages:${PYTHONPATH} /usr/bin/python3 setup.py egg_info --egg-base ../../../build/planning build --build-base /home/aoki/Desktop/ROS_msg/build/planning/build install --record /home/aoki/Desktop/ROS_msg/build/planning/install.log --single-version-externally-managed
