[1.182s] Invoking command in '/home/nap/Desktop/ros_git/ROS_msg/ROS_TEST/src/semaforo': PYTHONPATH=/home/nap/Desktop/ros_git/ROS_msg/build/semaforo/prefix_override:/home/nap/Desktop/ros_git/ROS_msg/install/semaforo/lib/python3.10/site-packages:${PYTHONPATH} /usr/bin/python3 setup.py egg_info --egg-base ../../../build/semaforo build --build-base /home/nap/Desktop/ros_git/ROS_msg/build/semaforo/build install --record /home/nap/Desktop/ros_git/ROS_msg/build/semaforo/install.log --single-version-externally-managed
[1.375s] running egg_info
[1.376s] writing ../../../build/semaforo/semaforo.egg-info/PKG-INFO
[1.376s] writing dependency_links to ../../../build/semaforo/semaforo.egg-info/dependency_links.txt
[1.376s] writing entry points to ../../../build/semaforo/semaforo.egg-info/entry_points.txt
[1.377s] writing requirements to ../../../build/semaforo/semaforo.egg-info/requires.txt
[1.377s] writing top-level names to ../../../build/semaforo/semaforo.egg-info/top_level.txt
[1.378s] reading manifest file '../../../build/semaforo/semaforo.egg-info/SOURCES.txt'
[1.378s] adding license file 'LICENSE'
[1.378s] writing manifest file '../../../build/semaforo/semaforo.egg-info/SOURCES.txt'
[1.378s] running build
[1.378s] running build_py
[1.378s] running install
[1.379s] /usr/lib/python3/dist-packages/setuptools/command/install.py:34: SetuptoolsDeprecationWarning: setup.py install is deprecated. Use build and pip and other standards-based tools.
[1.379s]   warnings.warn(
[1.379s] running install_lib
[1.380s] byte-compiling /home/nap/Desktop/ros_git/ROS_msg/install/semaforo/lib/python3.10/site-packages/semaforo/publisher_member_function.py to publisher_member_function.cpython-310.pyc
[1.380s] running install_data
[1.381s]   File "/home/nap/Desktop/ros_git/ROS_msg/install/semaforo/lib/python3.10/site-packages/semaforo/publisher_member_function.py", line 38
[1.381s]     msg.
[1.381s]         ^
[1.381s] SyntaxError: invalid syntax
[1.381s] 
[1.381s] running install_egg_info
[1.382s] removing '/home/nap/Desktop/ros_git/ROS_msg/install/semaforo/lib/python3.10/site-packages/semaforo-0.0.0-py3.10.egg-info' (and everything under it)
[1.382s] Copying ../../../build/semaforo/semaforo.egg-info to /home/nap/Desktop/ros_git/ROS_msg/install/semaforo/lib/python3.10/site-packages/semaforo-0.0.0-py3.10.egg-info
[1.383s] running install_scripts
[1.399s] writing list of installed files to '/home/nap/Desktop/ros_git/ROS_msg/build/semaforo/install.log'
[1.454s] Invoked command in '/home/nap/Desktop/ros_git/ROS_msg/ROS_TEST/src/semaforo' returned '0': PYTHONPATH=/home/nap/Desktop/ros_git/ROS_msg/build/semaforo/prefix_override:/home/nap/Desktop/ros_git/ROS_msg/install/semaforo/lib/python3.10/site-packages:${PYTHONPATH} /usr/bin/python3 setup.py egg_info --egg-base ../../../build/semaforo build --build-base /home/nap/Desktop/ros_git/ROS_msg/build/semaforo/build install --record /home/nap/Desktop/ros_git/ROS_msg/build/semaforo/install.log --single-version-externally-managed
